SF:/home/sysuser/ws001/gofastskill/fastskill/src/bin/../cli/auth_config.rs
FN:247,_RNCNCNvNtNtCsfVElPQFRzD4_9fastskill3cli11auth_config22get_token_with_refresh00B9_
FN:324,_RNCNCNvNtNtCsfVElPQFRzD4_9fastskill3cli11auth_config22set_token_for_registry00B9_
FN:294,_RNCNCNvNtNtCsfVElPQFRzD4_9fastskill3cli11auth_config26refresh_token_for_registry00B9_
FN:311,_RNCNCNvNtNtCsfVElPQFRzD4_9fastskill3cli11auth_config26refresh_token_for_registry0s0_0B9_
FN:312,_RNCNCNvNtNtCsfVElPQFRzD4_9fastskill3cli11auth_config26refresh_token_for_registry0s1_0B9_
FN:313,_RNCNCNvNtNtCsfVElPQFRzD4_9fastskill3cli11auth_config26refresh_token_for_registry0s2_0B9_
FN:307,_RNCNCNvNtNtCsfVElPQFRzD4_9fastskill3cli11auth_config26refresh_token_for_registry0s_0B9_
FN:44,_RNCNvNtNtCsfVElPQFRzD4_9fastskill3cli11auth_config15get_config_path0B7_
FN:69,_RNCNvNtNtCsfVElPQFRzD4_9fastskill3cli11auth_config16load_auth_config0B7_
FN:77,_RNCNvNtNtCsfVElPQFRzD4_9fastskill3cli11auth_config16load_auth_configs_0B7_
FN:93,_RNCNvNtNtCsfVElPQFRzD4_9fastskill3cli11auth_config16save_auth_config0B7_
FN:101,_RNCNvNtNtCsfVElPQFRzD4_9fastskill3cli11auth_config16save_auth_configs0_0B7_
FN:104,_RNCNvNtNtCsfVElPQFRzD4_9fastskill3cli11auth_config16save_auth_configs1_0B7_
FN:117,_RNCNvNtNtCsfVElPQFRzD4_9fastskill3cli11auth_config16save_auth_configs2_0B7_
FN:121,_RNCNvNtNtCsfVElPQFRzD4_9fastskill3cli11auth_config16save_auth_configs3_0B7_
FN:97,_RNCNvNtNtCsfVElPQFRzD4_9fastskill3cli11auth_config16save_auth_configs_0B7_
FN:169,_RNCNvNtNtCsfVElPQFRzD4_9fastskill3cli11auth_config20get_token_expiration0B7_
FN:207,_RNCNvNtNtCsfVElPQFRzD4_9fastskill3cli11auth_config22get_token_with_refresh0B7_
FN:319,_RNCNvNtNtCsfVElPQFRzD4_9fastskill3cli11auth_config22set_token_for_registry0B7_
FN:281,_RNCNvNtNtCsfVElPQFRzD4_9fastskill3cli11auth_config26refresh_token_for_registry0B7_
FN:154,_RNCNvNtNtCsfVElPQFRzD4_9fastskill3cli11auth_config33is_token_expired_or_expiring_soon0B7_
FN:182,_RNvNtNtCsfVElPQFRzD4_9fastskill3cli11auth_config14get_token_role
FN:189,_RNvNtNtCsfVElPQFRzD4_9fastskill3cli11auth_config22get_token_for_registry
FN:42,_RNvNtNtCsfVElPQFRzD4_9fastskill3cli11auth_config15get_config_path
FN:60,_RNvNtNtCsfVElPQFRzD4_9fastskill3cli11auth_config16load_auth_config
FN:89,_RNvNtNtCsfVElPQFRzD4_9fastskill3cli11auth_config16save_auth_config
FN:176,_RNvNtNtCsfVElPQFRzD4_9fastskill3cli11auth_config18get_token_username
FN:129,_RNvNtNtCsfVElPQFRzD4_9fastskill3cli11auth_config19decode_token_unsafe
FN:168,_RNvNtNtCsfVElPQFRzD4_9fastskill3cli11auth_config20get_token_expiration
FN:207,_RNvNtNtCsfVElPQFRzD4_9fastskill3cli11auth_config22get_token_with_refresh
FN:50,_RNvNtNtCsfVElPQFRzD4_9fastskill3cli11auth_config22normalize_registry_url
FN:319,_RNvNtNtCsfVElPQFRzD4_9fastskill3cli11auth_config22set_token_for_registry
FN:341,_RNvNtNtCsfVElPQFRzD4_9fastskill3cli11auth_config25remove_token_for_registry
FN:352,_RNvNtNtCsfVElPQFRzD4_9fastskill3cli11auth_config26get_auth_info_for_registry
FN:281,_RNvNtNtCsfVElPQFRzD4_9fastskill3cli11auth_config26refresh_token_for_registry
FN:148,_RNvNtNtCsfVElPQFRzD4_9fastskill3cli11auth_config33is_token_expired_or_expiring_soon
FN:182,_RNvNtNtCs4etJKk8xmvn_9fastskill3cli11auth_config14get_token_role
FN:189,_RNvNtNtCs4etJKk8xmvn_9fastskill3cli11auth_config22get_token_for_registry
FN:42,_RNvNtNtCs4etJKk8xmvn_9fastskill3cli11auth_config15get_config_path
FN:60,_RNvNtNtCs4etJKk8xmvn_9fastskill3cli11auth_config16load_auth_config
FN:89,_RNvNtNtCs4etJKk8xmvn_9fastskill3cli11auth_config16save_auth_config
FN:176,_RNvNtNtCs4etJKk8xmvn_9fastskill3cli11auth_config18get_token_username
FN:129,_RNvNtNtCs4etJKk8xmvn_9fastskill3cli11auth_config19decode_token_unsafe
FN:168,_RNvNtNtCs4etJKk8xmvn_9fastskill3cli11auth_config20get_token_expiration
FN:207,_RNvNtNtCs4etJKk8xmvn_9fastskill3cli11auth_config22get_token_with_refresh
FN:50,_RNvNtNtCs4etJKk8xmvn_9fastskill3cli11auth_config22normalize_registry_url
FN:319,_RNvNtNtCs4etJKk8xmvn_9fastskill3cli11auth_config22set_token_for_registry
FN:341,_RNvNtNtCs4etJKk8xmvn_9fastskill3cli11auth_config25remove_token_for_registry
FN:352,_RNvNtNtCs4etJKk8xmvn_9fastskill3cli11auth_config26get_auth_info_for_registry
FN:281,_RNvNtNtCs4etJKk8xmvn_9fastskill3cli11auth_config26refresh_token_for_registry
FN:148,_RNvNtNtCs4etJKk8xmvn_9fastskill3cli11auth_config33is_token_expired_or_expiring_soon
FN:247,_RNCNCNvNtNtCs4etJKk8xmvn_9fastskill3cli11auth_config22get_token_with_refresh00B9_
FN:324,_RNCNCNvNtNtCs4etJKk8xmvn_9fastskill3cli11auth_config22set_token_for_registry00B9_
FN:294,_RNCNCNvNtNtCs4etJKk8xmvn_9fastskill3cli11auth_config26refresh_token_for_registry00B9_
FN:311,_RNCNCNvNtNtCs4etJKk8xmvn_9fastskill3cli11auth_config26refresh_token_for_registry0s0_0B9_
FN:312,_RNCNCNvNtNtCs4etJKk8xmvn_9fastskill3cli11auth_config26refresh_token_for_registry0s1_0B9_
FN:313,_RNCNCNvNtNtCs4etJKk8xmvn_9fastskill3cli11auth_config26refresh_token_for_registry0s2_0B9_
FN:307,_RNCNCNvNtNtCs4etJKk8xmvn_9fastskill3cli11auth_config26refresh_token_for_registry0s_0B9_
FN:44,_RNCNvNtNtCs4etJKk8xmvn_9fastskill3cli11auth_config15get_config_path0B7_
FN:69,_RNCNvNtNtCs4etJKk8xmvn_9fastskill3cli11auth_config16load_auth_config0B7_
FN:77,_RNCNvNtNtCs4etJKk8xmvn_9fastskill3cli11auth_config16load_auth_configs_0B7_
FN:93,_RNCNvNtNtCs4etJKk8xmvn_9fastskill3cli11auth_config16save_auth_config0B7_
FN:101,_RNCNvNtNtCs4etJKk8xmvn_9fastskill3cli11auth_config16save_auth_configs0_0B7_
FN:104,_RNCNvNtNtCs4etJKk8xmvn_9fastskill3cli11auth_config16save_auth_configs1_0B7_
FN:117,_RNCNvNtNtCs4etJKk8xmvn_9fastskill3cli11auth_config16save_auth_configs2_0B7_
FN:121,_RNCNvNtNtCs4etJKk8xmvn_9fastskill3cli11auth_config16save_auth_configs3_0B7_
FN:97,_RNCNvNtNtCs4etJKk8xmvn_9fastskill3cli11auth_config16save_auth_configs_0B7_
FN:169,_RNCNvNtNtCs4etJKk8xmvn_9fastskill3cli11auth_config20get_token_expiration0B7_
FN:207,_RNCNvNtNtCs4etJKk8xmvn_9fastskill3cli11auth_config22get_token_with_refresh0B7_
FN:319,_RNCNvNtNtCs4etJKk8xmvn_9fastskill3cli11auth_config22set_token_for_registry0B7_
FN:281,_RNCNvNtNtCs4etJKk8xmvn_9fastskill3cli11auth_config26refresh_token_for_registry0B7_
FN:154,_RNCNvNtNtCs4etJKk8xmvn_9fastskill3cli11auth_config33is_token_expired_or_expiring_soon0B7_
FNDA:0,_RNCNCNvNtNtCsfVElPQFRzD4_9fastskill3cli11auth_config22get_token_with_refresh00B9_
FNDA:0,_RNCNCNvNtNtCsfVElPQFRzD4_9fastskill3cli11auth_config22set_token_for_registry00B9_
FNDA:0,_RNCNCNvNtNtCsfVElPQFRzD4_9fastskill3cli11auth_config26refresh_token_for_registry00B9_
FNDA:0,_RNCNCNvNtNtCsfVElPQFRzD4_9fastskill3cli11auth_config26refresh_token_for_registry0s0_0B9_
FNDA:0,_RNCNCNvNtNtCsfVElPQFRzD4_9fastskill3cli11auth_config26refresh_token_for_registry0s1_0B9_
FNDA:0,_RNCNCNvNtNtCsfVElPQFRzD4_9fastskill3cli11auth_config26refresh_token_for_registry0s2_0B9_
FNDA:0,_RNCNCNvNtNtCsfVElPQFRzD4_9fastskill3cli11auth_config26refresh_token_for_registry0s_0B9_
FNDA:0,_RNCNvNtNtCsfVElPQFRzD4_9fastskill3cli11auth_config15get_config_path0B7_
FNDA:0,_RNCNvNtNtCsfVElPQFRzD4_9fastskill3cli11auth_config16load_auth_config0B7_
FNDA:0,_RNCNvNtNtCsfVElPQFRzD4_9fastskill3cli11auth_config16load_auth_configs_0B7_
FNDA:0,_RNCNvNtNtCsfVElPQFRzD4_9fastskill3cli11auth_config16save_auth_config0B7_
FNDA:0,_RNCNvNtNtCsfVElPQFRzD4_9fastskill3cli11auth_config16save_auth_configs0_0B7_
FNDA:0,_RNCNvNtNtCsfVElPQFRzD4_9fastskill3cli11auth_config16save_auth_configs1_0B7_
FNDA:0,_RNCNvNtNtCsfVElPQFRzD4_9fastskill3cli11auth_config16save_auth_configs2_0B7_
FNDA:0,_RNCNvNtNtCsfVElPQFRzD4_9fastskill3cli11auth_config16save_auth_configs3_0B7_
FNDA:0,_RNCNvNtNtCsfVElPQFRzD4_9fastskill3cli11auth_config16save_auth_configs_0B7_
FNDA:0,_RNCNvNtNtCsfVElPQFRzD4_9fastskill3cli11auth_config20get_token_expiration0B7_
FNDA:0,_RNCNvNtNtCsfVElPQFRzD4_9fastskill3cli11auth_config22get_token_with_refresh0B7_
FNDA:0,_RNCNvNtNtCsfVElPQFRzD4_9fastskill3cli11auth_config22set_token_for_registry0B7_
FNDA:0,_RNCNvNtNtCsfVElPQFRzD4_9fastskill3cli11auth_config26refresh_token_for_registry0B7_
FNDA:0,_RNCNvNtNtCsfVElPQFRzD4_9fastskill3cli11auth_config33is_token_expired_or_expiring_soon0B7_
FNDA:0,_RNvNtNtCsfVElPQFRzD4_9fastskill3cli11auth_config14get_token_role
FNDA:0,_RNvNtNtCsfVElPQFRzD4_9fastskill3cli11auth_config22get_token_for_registry
FNDA:0,_RNvNtNtCsfVElPQFRzD4_9fastskill3cli11auth_config15get_config_path
FNDA:0,_RNvNtNtCsfVElPQFRzD4_9fastskill3cli11auth_config16load_auth_config
FNDA:0,_RNvNtNtCsfVElPQFRzD4_9fastskill3cli11auth_config16save_auth_config
FNDA:0,_RNvNtNtCsfVElPQFRzD4_9fastskill3cli11auth_config18get_token_username
FNDA:0,_RNvNtNtCsfVElPQFRzD4_9fastskill3cli11auth_config19decode_token_unsafe
FNDA:0,_RNvNtNtCsfVElPQFRzD4_9fastskill3cli11auth_config20get_token_expiration
FNDA:0,_RNvNtNtCsfVElPQFRzD4_9fastskill3cli11auth_config22get_token_with_refresh
FNDA:0,_RNvNtNtCsfVElPQFRzD4_9fastskill3cli11auth_config22normalize_registry_url
FNDA:0,_RNvNtNtCsfVElPQFRzD4_9fastskill3cli11auth_config22set_token_for_registry
FNDA:0,_RNvNtNtCsfVElPQFRzD4_9fastskill3cli11auth_config25remove_token_for_registry
FNDA:0,_RNvNtNtCsfVElPQFRzD4_9fastskill3cli11auth_config26get_auth_info_for_registry
FNDA:0,_RNvNtNtCsfVElPQFRzD4_9fastskill3cli11auth_config26refresh_token_for_registry
FNDA:0,_RNvNtNtCsfVElPQFRzD4_9fastskill3cli11auth_config33is_token_expired_or_expiring_soon
FNDA:0,_RNvNtNtCs4etJKk8xmvn_9fastskill3cli11auth_config14get_token_role
FNDA:0,_RNvNtNtCs4etJKk8xmvn_9fastskill3cli11auth_config22get_token_for_registry
FNDA:0,_RNvNtNtCs4etJKk8xmvn_9fastskill3cli11auth_config15get_config_path
FNDA:0,_RNvNtNtCs4etJKk8xmvn_9fastskill3cli11auth_config16load_auth_config
FNDA:0,_RNvNtNtCs4etJKk8xmvn_9fastskill3cli11auth_config16save_auth_config
FNDA:0,_RNvNtNtCs4etJKk8xmvn_9fastskill3cli11auth_config18get_token_username
FNDA:0,_RNvNtNtCs4etJKk8xmvn_9fastskill3cli11auth_config19decode_token_unsafe
FNDA:0,_RNvNtNtCs4etJKk8xmvn_9fastskill3cli11auth_config20get_token_expiration
FNDA:0,_RNvNtNtCs4etJKk8xmvn_9fastskill3cli11auth_config22get_token_with_refresh
FNDA:0,_RNvNtNtCs4etJKk8xmvn_9fastskill3cli11auth_config22normalize_registry_url
FNDA:0,_RNvNtNtCs4etJKk8xmvn_9fastskill3cli11auth_config22set_token_for_registry
FNDA:0,_RNvNtNtCs4etJKk8xmvn_9fastskill3cli11auth_config25remove_token_for_registry
FNDA:0,_RNvNtNtCs4etJKk8xmvn_9fastskill3cli11auth_config26get_auth_info_for_registry
FNDA:0,_RNvNtNtCs4etJKk8xmvn_9fastskill3cli11auth_config26refresh_token_for_registry
FNDA:0,_RNvNtNtCs4etJKk8xmvn_9fastskill3cli11auth_config33is_token_expired_or_expiring_soon
FNDA:0,_RNCNCNvNtNtCs4etJKk8xmvn_9fastskill3cli11auth_config22get_token_with_refresh00B9_
FNDA:0,_RNCNCNvNtNtCs4etJKk8xmvn_9fastskill3cli11auth_config22set_token_for_registry00B9_
FNDA:0,_RNCNCNvNtNtCs4etJKk8xmvn_9fastskill3cli11auth_config26refresh_token_for_registry00B9_
FNDA:0,_RNCNCNvNtNtCs4etJKk8xmvn_9fastskill3cli11auth_config26refresh_token_for_registry0s0_0B9_
FNDA:0,_RNCNCNvNtNtCs4etJKk8xmvn_9fastskill3cli11auth_config26refresh_token_for_registry0s1_0B9_
FNDA:0,_RNCNCNvNtNtCs4etJKk8xmvn_9fastskill3cli11auth_config26refresh_token_for_registry0s2_0B9_
FNDA:0,_RNCNCNvNtNtCs4etJKk8xmvn_9fastskill3cli11auth_config26refresh_token_for_registry0s_0B9_
FNDA:0,_RNCNvNtNtCs4etJKk8xmvn_9fastskill3cli11auth_config15get_config_path0B7_
FNDA:0,_RNCNvNtNtCs4etJKk8xmvn_9fastskill3cli11auth_config16load_auth_config0B7_
FNDA:0,_RNCNvNtNtCs4etJKk8xmvn_9fastskill3cli11auth_config16load_auth_configs_0B7_
FNDA:0,_RNCNvNtNtCs4etJKk8xmvn_9fastskill3cli11auth_config16save_auth_config0B7_
FNDA:0,_RNCNvNtNtCs4etJKk8xmvn_9fastskill3cli11auth_config16save_auth_configs0_0B7_
FNDA:0,_RNCNvNtNtCs4etJKk8xmvn_9fastskill3cli11auth_config16save_auth_configs1_0B7_
FNDA:0,_RNCNvNtNtCs4etJKk8xmvn_9fastskill3cli11auth_config16save_auth_configs2_0B7_
FNDA:0,_RNCNvNtNtCs4etJKk8xmvn_9fastskill3cli11auth_config16save_auth_configs3_0B7_
FNDA:0,_RNCNvNtNtCs4etJKk8xmvn_9fastskill3cli11auth_config16save_auth_configs_0B7_
FNDA:0,_RNCNvNtNtCs4etJKk8xmvn_9fastskill3cli11auth_config20get_token_expiration0B7_
FNDA:0,_RNCNvNtNtCs4etJKk8xmvn_9fastskill3cli11auth_config22get_token_with_refresh0B7_
FNDA:0,_RNCNvNtNtCs4etJKk8xmvn_9fastskill3cli11auth_config22set_token_for_registry0B7_
FNDA:0,_RNCNvNtNtCs4etJKk8xmvn_9fastskill3cli11auth_config26refresh_token_for_registry0B7_
FNDA:0,_RNCNvNtNtCs4etJKk8xmvn_9fastskill3cli11auth_config33is_token_expired_or_expiring_soon0B7_
FNF:36
FNH:0
DA:42,0
DA:43,0
DA:44,0
DA:45,0
DA:46,0
DA:47,0
DA:50,0
DA:51,0
DA:53,0
DA:54,0
DA:55,0
DA:56,0
DA:57,0
DA:60,0
DA:61,0
DA:63,0
DA:64,0
DA:65,0
DA:66,0
DA:67,0
DA:69,0
DA:70,0
DA:71,0
DA:72,0
DA:73,0
DA:74,0
DA:75,0
DA:77,0
DA:78,0
DA:79,0
DA:80,0
DA:81,0
DA:82,0
DA:83,0
DA:85,0
DA:86,0
DA:89,0
DA:90,0
DA:91,0
DA:92,0
DA:93,0
DA:96,0
DA:97,0
DA:100,0
DA:101,0
DA:104,0
DA:105,0
DA:106,0
DA:107,0
DA:108,0
DA:109,0
DA:110,0
DA:116,0
DA:117,0
DA:118,0
DA:119,0
DA:120,0
DA:121,0
DA:124,0
DA:125,0
DA:129,0
DA:131,0
DA:132,0
DA:133,0
DA:134,0
DA:137,0
DA:140,0
DA:141,0
DA:144,0
DA:145,0
DA:148,0
DA:149,0
DA:150,0
DA:151,0
DA:152,0
DA:153,0
DA:154,0
DA:155,0
DA:158,0
DA:162,0
DA:165,0
DA:168,0
DA:169,0
DA:170,0
DA:171,0
DA:172,0
DA:173,0
DA:176,0
DA:177,0
DA:178,0
DA:182,0
DA:183,0
DA:184,0
DA:189,0
DA:191,0
DA:192,0
DA:193,0
DA:196,0
DA:197,0
DA:199,0
DA:200,0
DA:202,0
DA:204,0
DA:207,0
DA:209,0
DA:210,0
DA:211,0
DA:213,0
DA:214,0
DA:216,0
DA:218,0
DA:220,0
DA:221,0
DA:222,0
DA:223,0
DA:226,0
DA:230,0
DA:233,0
DA:235,0
DA:241,0
DA:243,0
DA:244,0
DA:246,0
DA:247,0
DA:249,0
DA:250,0
DA:251,0
DA:252,0
DA:253,0
DA:254,0
DA:255,0
DA:257,0
DA:258,0
DA:260,0
DA:261,0
DA:263,0
DA:264,0
DA:268,0
DA:273,0
DA:276,0
DA:278,0
DA:281,0
DA:282,0
DA:283,0
DA:285,0
DA:286,0
DA:289,0
DA:290,0
DA:291,0
DA:292,0
DA:293,0
DA:294,0
DA:296,0
DA:297,0
DA:299,0
DA:300,0
DA:302,0
DA:304,0
DA:305,0
DA:306,0
DA:307,0
DA:309,0
DA:310,0
DA:311,0
DA:312,0
DA:313,0
DA:315,0
DA:316,0
DA:319,0
DA:320,0
DA:321,0
DA:323,0
DA:324,0
DA:326,0
DA:327,0
DA:328,0
DA:329,0
DA:330,0
DA:331,0
DA:332,0
DA:334,0
DA:335,0
DA:337,0
DA:338,0
DA:341,0
DA:342,0
DA:343,0
DA:345,0
DA:346,0
DA:348,0
DA:349,0
DA:352,0
DA:353,0
DA:354,0
DA:356,0
DA:357,0
DA:358,0
DA:359,0
DA:360,0
DA:361,0
DA:362,0
DA:363,0
DA:365,0
DA:367,0
BRF:0
BRH:0
LF:228
LH:0
end_of_record
SF:/home/sysuser/ws001/gofastskill/fastskill/src/bin/../cli/cli.rs
FN:49,_RNCNvMNtNtCsfVElPQFRzD4_9fastskill3cli3cliNtB4_3Cli7execute0B8_
FN:49,_RNvMNtNtCsfVElPQFRzD4_9fastskill3cli3cliNtB2_3Cli7execute
FN:49,_RNCNvMNtNtCs4etJKk8xmvn_9fastskill3cli3cliNtB4_3Cli7execute0B8_
FN:49,_RNvMNtNtCs4etJKk8xmvn_9fastskill3cli3cliNtB2_3Cli7execute
FNDA:0,_RNCNvMNtNtCsfVElPQFRzD4_9fastskill3cli3cliNtB4_3Cli7execute0B8_
FNDA:0,_RNvMNtNtCsfVElPQFRzD4_9fastskill3cli3cliNtB2_3Cli7execute
FNDA:0,_RNCNvMNtNtCs4etJKk8xmvn_9fastskill3cli3cliNtB4_3Cli7execute0B8_
FNDA:0,_RNvMNtNtCs4etJKk8xmvn_9fastskill3cli3cliNtB2_3Cli7execute
FNF:2
FNH:0
DA:49,0
DA:51,0
DA:54,0
DA:57,0
DA:58,0
DA:59,0
DA:62,0
DA:63,0
DA:64,0
DA:66,0
DA:67,0
DA:68,0
DA:70,0
DA:71,0
DA:72,0
DA:74,0
DA:75,0
DA:76,0
DA:78,0
DA:79,0
DA:80,0
DA:82,0
DA:83,0
DA:84,0
DA:86,0
DA:87,0
DA:88,0
DA:90,0
DA:91,0
DA:92,0
DA:94,0
DA:95,0
DA:96,0
DA:100,0
DA:103,0
DA:105,0
DA:106,0
DA:107,0
DA:108,0
DA:109,0
DA:110,0
DA:113,0
DA:114,0
DA:115,0
DA:116,0
DA:119,0
DA:120,0
DA:121,0
DA:122,0
DA:123,0
DA:124,0
DA:125,0
DA:126,0
DA:127,0
DA:137,0
DA:140,0
DA:141,0
DA:142,0
DA:143,0
DA:144,0
DA:145,0
DA:146,0
DA:149,0
DA:150,0
DA:151,0
DA:155,0
BRF:0
BRH:0
LF:67
LH:0
end_of_record
SF:/home/sysuser/ws001/gofastskill/fastskill/src/bin/../cli/commands/add.rs
FN:940,_RNCNvNtNtNtNtCsfVElPQFRzD4_9fastskill3cli8commands3add5testss_32test_execute_add_with_force_flag0Bb_
FN:914,_RNCNvNtNtNtNtCsfVElPQFRzD4_9fastskill3cli8commands3add5testss_33test_execute_add_invalid_skill_id0Bb_
FN:889,_RNCNvNtNtNtNtCsfVElPQFRzD4_9fastskill3cli8commands3add5testss_35test_execute_add_nonexistent_source0Bb_
FN:80,_RNvNtNtNtCsfVElPQFRzD4_9fastskill3cli8commands3add11execute_add
FN:374,_RNvNtNtNtCsfVElPQFRzD4_9fastskill3cli8commands3add12add_from_git
FN:127,_RNvNtNtNtCsfVElPQFRzD4_9fastskill3cli8commands3add12add_from_zip
FN:269,_RNvNtNtNtCsfVElPQFRzD4_9fastskill3cli8commands3add15add_from_folder
FN:520,_RNvNtNtNtCsfVElPQFRzD4_9fastskill3cli8commands3add17add_from_registry
FN:856,_RNvNtNtNtCsfVElPQFRzD4_9fastskill3cli8commands3add18copy_dir_recursive
FN:21,_RNvNtNtNtCsfVElPQFRzD4_9fastskill3cli8commands3add20update_project_files
FN:822,_RNvNtNtNtCsfVElPQFRzD4_9fastskill3cli8commands3add22create_skill_from_path
FN:798,_RNvNtNtNtCsfVElPQFRzD4_9fastskill3cli8commands3add23find_skill_in_directory
FN:765,_RNvNtNtNtCsfVElPQFRzD4_9fastskill3cli8commands3add23read_skill_id_from_toml
FN:81,_RNCNCNvNtNtNtCsfVElPQFRzD4_9fastskill3cli8commands3add11execute_add00Bb_
FN:90,_RNCNCNvNtNtNtCsfVElPQFRzD4_9fastskill3cli8commands3add11execute_add0s_0Bb_
FN:395,_RNCNCNvNtNtNtCsfVElPQFRzD4_9fastskill3cli8commands3add12add_from_git00Bb_
FN:478,_RNCNCNvNtNtNtCsfVElPQFRzD4_9fastskill3cli8commands3add12add_from_git0s0_0Bb_
FN:479,_RNCNCNvNtNtNtCsfVElPQFRzD4_9fastskill3cli8commands3add12add_from_git0s1_0Bb_
FN:413,_RNCNCNvNtNtNtCsfVElPQFRzD4_9fastskill3cli8commands3add12add_from_git0s_0Bb_
FN:151,_RNCNCNvNtNtNtCsfVElPQFRzD4_9fastskill3cli8commands3add12add_from_zip00Bb_
FN:156,_RNCNCNvNtNtNtCsfVElPQFRzD4_9fastskill3cli8commands3add12add_from_zip0s_0Bb_
FN:551,_RNCNCNvNtNtNtCsfVElPQFRzD4_9fastskill3cli8commands3add17add_from_registry00Bb_
FN:583,_RNCNCNvNtNtNtCsfVElPQFRzD4_9fastskill3cli8commands3add17add_from_registry0s0_0Bb_
FN:597,_RNCNCNvNtNtNtCsfVElPQFRzD4_9fastskill3cli8commands3add17add_from_registry0s1_0Bb_
FN:605,_RNCNCNvNtNtNtCsfVElPQFRzD4_9fastskill3cli8commands3add17add_from_registry0s2_0Bb_
FN:606,_RNCNCNvNtNtNtCsfVElPQFRzD4_9fastskill3cli8commands3add17add_from_registry0s3_0Bb_
FN:621,_RNCNCNvNtNtNtCsfVElPQFRzD4_9fastskill3cli8commands3add17add_from_registry0s4_0Bb_
FN:636,_RNCNCNvNtNtNtCsfVElPQFRzD4_9fastskill3cli8commands3add17add_from_registry0s5_0Bb_
FN:641,_RNCNCNvNtNtNtCsfVElPQFRzD4_9fastskill3cli8commands3add17add_from_registry0s6_0Bb_
FN:573,_RNCNCNvNtNtNtCsfVElPQFRzD4_9fastskill3cli8commands3add17add_from_registry0s_0Bb_
FN:80,_RNCNvNtNtNtCsfVElPQFRzD4_9fastskill3cli8commands3add11execute_add0B9_
FN:382,_RNCNvNtNtNtCsfVElPQFRzD4_9fastskill3cli8commands3add12add_from_git0B9_
FN:133,_RNCNvNtNtNtCsfVElPQFRzD4_9fastskill3cli8commands3add12add_from_zip0B9_
FN:275,_RNCNvNtNtNtCsfVElPQFRzD4_9fastskill3cli8commands3add15add_from_folder0B9_
FN:526,_RNCNvNtNtNtCsfVElPQFRzD4_9fastskill3cli8commands3add17add_from_registry0B9_
FN:856,_RNCNvNtNtNtCsfVElPQFRzD4_9fastskill3cli8commands3add18copy_dir_recursive0B9_
FN:28,_RNCNvNtNtNtCsfVElPQFRzD4_9fastskill3cli8commands3add20update_project_files0B9_
FN:40,_RNCNvNtNtNtCsfVElPQFRzD4_9fastskill3cli8commands3add20update_project_filess0_0B9_
FN:32,_RNCNvNtNtNtCsfVElPQFRzD4_9fastskill3cli8commands3add20update_project_filess_0B9_
FN:830,_RNCNvNtNtNtCsfVElPQFRzD4_9fastskill3cli8commands3add22create_skill_from_path0B9_
FN:843,_RNCNvNtNtNtCsfVElPQFRzD4_9fastskill3cli8commands3add22create_skill_from_paths0_0B9_
FN:834,_RNCNvNtNtNtCsfVElPQFRzD4_9fastskill3cli8commands3add22create_skill_from_paths_0B9_
FN:781,_RNCNvNtNtNtCsfVElPQFRzD4_9fastskill3cli8commands3add23read_skill_id_from_toml0B9_
FN:786,_RNCNvNtNtNtCsfVElPQFRzD4_9fastskill3cli8commands3add23read_skill_id_from_tomls0_0B9_
FN:790,_RNCNvNtNtNtCsfVElPQFRzD4_9fastskill3cli8commands3add23read_skill_id_from_tomls1_0B9_
FN:784,_RNCNvNtNtNtCsfVElPQFRzD4_9fastskill3cli8commands3add23read_skill_id_from_tomls_0B9_
FN:940,_RNvNtNtNtNtCsfVElPQFRzD4_9fastskill3cli8commands3add5testss_32test_execute_add_with_force_flag
FN:914,_RNvNtNtNtNtCsfVElPQFRzD4_9fastskill3cli8commands3add5testss_33test_execute_add_invalid_skill_id
FN:889,_RNvNtNtNtNtCsfVElPQFRzD4_9fastskill3cli8commands3add5testss_35test_execute_add_nonexistent_source
FN:80,_RNvNtNtNtCs4etJKk8xmvn_9fastskill3cli8commands3add11execute_add
FN:374,_RNvNtNtNtCs4etJKk8xmvn_9fastskill3cli8commands3add12add_from_git
FN:127,_RNvNtNtNtCs4etJKk8xmvn_9fastskill3cli8commands3add12add_from_zip
FN:269,_RNvNtNtNtCs4etJKk8xmvn_9fastskill3cli8commands3add15add_from_folder
FN:520,_RNvNtNtNtCs4etJKk8xmvn_9fastskill3cli8commands3add17add_from_registry
FN:856,_RNvNtNtNtCs4etJKk8xmvn_9fastskill3cli8commands3add18copy_dir_recursive
FN:21,_RNvNtNtNtCs4etJKk8xmvn_9fastskill3cli8commands3add20update_project_files
FN:822,_RNvNtNtNtCs4etJKk8xmvn_9fastskill3cli8commands3add22create_skill_from_path
FN:798,_RNvNtNtNtCs4etJKk8xmvn_9fastskill3cli8commands3add23find_skill_in_directory
FN:765,_RNvNtNtNtCs4etJKk8xmvn_9fastskill3cli8commands3add23read_skill_id_from_toml
FN:81,_RNCNCNvNtNtNtCs4etJKk8xmvn_9fastskill3cli8commands3add11execute_add00Bb_
FN:90,_RNCNCNvNtNtNtCs4etJKk8xmvn_9fastskill3cli8commands3add11execute_add0s_0Bb_
FN:395,_RNCNCNvNtNtNtCs4etJKk8xmvn_9fastskill3cli8commands3add12add_from_git00Bb_
FN:478,_RNCNCNvNtNtNtCs4etJKk8xmvn_9fastskill3cli8commands3add12add_from_git0s0_0Bb_
FN:479,_RNCNCNvNtNtNtCs4etJKk8xmvn_9fastskill3cli8commands3add12add_from_git0s1_0Bb_
FN:413,_RNCNCNvNtNtNtCs4etJKk8xmvn_9fastskill3cli8commands3add12add_from_git0s_0Bb_
FN:151,_RNCNCNvNtNtNtCs4etJKk8xmvn_9fastskill3cli8commands3add12add_from_zip00Bb_
FN:156,_RNCNCNvNtNtNtCs4etJKk8xmvn_9fastskill3cli8commands3add12add_from_zip0s_0Bb_
FN:551,_RNCNCNvNtNtNtCs4etJKk8xmvn_9fastskill3cli8commands3add17add_from_registry00Bb_
FN:583,_RNCNCNvNtNtNtCs4etJKk8xmvn_9fastskill3cli8commands3add17add_from_registry0s0_0Bb_
FN:597,_RNCNCNvNtNtNtCs4etJKk8xmvn_9fastskill3cli8commands3add17add_from_registry0s1_0Bb_
FN:605,_RNCNCNvNtNtNtCs4etJKk8xmvn_9fastskill3cli8commands3add17add_from_registry0s2_0Bb_
FN:606,_RNCNCNvNtNtNtCs4etJKk8xmvn_9fastskill3cli8commands3add17add_from_registry0s3_0Bb_
FN:621,_RNCNCNvNtNtNtCs4etJKk8xmvn_9fastskill3cli8commands3add17add_from_registry0s4_0Bb_
FN:636,_RNCNCNvNtNtNtCs4etJKk8xmvn_9fastskill3cli8commands3add17add_from_registry0s5_0Bb_
FN:641,_RNCNCNvNtNtNtCs4etJKk8xmvn_9fastskill3cli8commands3add17add_from_registry0s6_0Bb_
FN:573,_RNCNCNvNtNtNtCs4etJKk8xmvn_9fastskill3cli8commands3add17add_from_registry0s_0Bb_
FN:80,_RNCNvNtNtNtCs4etJKk8xmvn_9fastskill3cli8commands3add11execute_add0B9_
FN:382,_RNCNvNtNtNtCs4etJKk8xmvn_9fastskill3cli8commands3add12add_from_git0B9_
FN:133,_RNCNvNtNtNtCs4etJKk8xmvn_9fastskill3cli8commands3add12add_from_zip0B9_
FN:275,_RNCNvNtNtNtCs4etJKk8xmvn_9fastskill3cli8commands3add15add_from_folder0B9_
FN:526,_RNCNvNtNtNtCs4etJKk8xmvn_9fastskill3cli8commands3add17add_from_registry0B9_
FN:856,_RNCNvNtNtNtCs4etJKk8xmvn_9fastskill3cli8commands3add18copy_dir_recursive0B9_
FN:28,_RNCNvNtNtNtCs4etJKk8xmvn_9fastskill3cli8commands3add20update_project_files0B9_
FN:40,_RNCNvNtNtNtCs4etJKk8xmvn_9fastskill3cli8commands3add20update_project_filess0_0B9_
FN:32,_RNCNvNtNtNtCs4etJKk8xmvn_9fastskill3cli8commands3add20update_project_filess_0B9_
FN:830,_RNCNvNtNtNtCs4etJKk8xmvn_9fastskill3cli8commands3add22create_skill_from_path0B9_
FN:843,_RNCNvNtNtNtCs4etJKk8xmvn_9fastskill3cli8commands3add22create_skill_from_paths0_0B9_
FN:834,_RNCNvNtNtNtCs4etJKk8xmvn_9fastskill3cli8commands3add22create_skill_from_paths_0B9_
FN:781,_RNCNvNtNtNtCs4etJKk8xmvn_9fastskill3cli8commands3add23read_skill_id_from_toml0B9_
FN:786,_RNCNvNtNtNtCs4etJKk8xmvn_9fastskill3cli8commands3add23read_skill_id_from_tomls0_0B9_
FN:790,_RNCNvNtNtNtCs4etJKk8xmvn_9fastskill3cli8commands3add23read_skill_id_from_tomls1_0B9_
FN:784,_RNCNvNtNtNtCs4etJKk8xmvn_9fastskill3cli8commands3add23read_skill_id_from_tomls_0B9_
FNDA:1,_RNCNvNtNtNtNtCsfVElPQFRzD4_9fastskill3cli8commands3add5testss_32test_execute_add_with_force_flag0Bb_
FNDA:1,_RNCNvNtNtNtNtCsfVElPQFRzD4_9fastskill3cli8commands3add5testss_33test_execute_add_invalid_skill_id0Bb_
FNDA:1,_RNCNvNtNtNtNtCsfVElPQFRzD4_9fastskill3cli8commands3add5testss_35test_execute_add_nonexistent_source0Bb_
FNDA:3,_RNvNtNtNtCsfVElPQFRzD4_9fastskill3cli8commands3add11execute_add
FNDA:0,_RNvNtNtNtCsfVElPQFRzD4_9fastskill3cli8commands3add12add_from_git
FNDA:0,_RNvNtNtNtCsfVElPQFRzD4_9fastskill3cli8commands3add12add_from_zip
FNDA:2,_RNvNtNtNtCsfVElPQFRzD4_9fastskill3cli8commands3add15add_from_folder
FNDA:1,_RNvNtNtNtCsfVElPQFRzD4_9fastskill3cli8commands3add17add_from_registry
FNDA:0,_RNvNtNtNtCsfVElPQFRzD4_9fastskill3cli8commands3add18copy_dir_recursive
FNDA:0,_RNvNtNtNtCsfVElPQFRzD4_9fastskill3cli8commands3add20update_project_files
FNDA:0,_RNvNtNtNtCsfVElPQFRzD4_9fastskill3cli8commands3add22create_skill_from_path
FNDA:0,_RNvNtNtNtCsfVElPQFRzD4_9fastskill3cli8commands3add23find_skill_in_directory
FNDA:0,_RNvNtNtNtCsfVElPQFRzD4_9fastskill3cli8commands3add23read_skill_id_from_toml
FNDA:0,_RNCNCNvNtNtNtCsfVElPQFRzD4_9fastskill3cli8commands3add11execute_add00Bb_
FNDA:0,_RNCNCNvNtNtNtCsfVElPQFRzD4_9fastskill3cli8commands3add11execute_add0s_0Bb_
FNDA:0,_RNCNCNvNtNtNtCsfVElPQFRzD4_9fastskill3cli8commands3add12add_from_git00Bb_
FNDA:0,_RNCNCNvNtNtNtCsfVElPQFRzD4_9fastskill3cli8commands3add12add_from_git0s0_0Bb_
FNDA:0,_RNCNCNvNtNtNtCsfVElPQFRzD4_9fastskill3cli8commands3add12add_from_git0s1_0Bb_
FNDA:0,_RNCNCNvNtNtNtCsfVElPQFRzD4_9fastskill3cli8commands3add12add_from_git0s_0Bb_
FNDA:0,_RNCNCNvNtNtNtCsfVElPQFRzD4_9fastskill3cli8commands3add12add_from_zip00Bb_
FNDA:0,_RNCNCNvNtNtNtCsfVElPQFRzD4_9fastskill3cli8commands3add12add_from_zip0s_0Bb_
FNDA:0,_RNCNCNvNtNtNtCsfVElPQFRzD4_9fastskill3cli8commands3add17add_from_registry00Bb_
FNDA:0,_RNCNCNvNtNtNtCsfVElPQFRzD4_9fastskill3cli8commands3add17add_from_registry0s0_0Bb_
FNDA:0,_RNCNCNvNtNtNtCsfVElPQFRzD4_9fastskill3cli8commands3add17add_from_registry0s1_0Bb_
FNDA:0,_RNCNCNvNtNtNtCsfVElPQFRzD4_9fastskill3cli8commands3add17add_from_registry0s2_0Bb_
FNDA:0,_RNCNCNvNtNtNtCsfVElPQFRzD4_9fastskill3cli8commands3add17add_from_registry0s3_0Bb_
FNDA:0,_RNCNCNvNtNtNtCsfVElPQFRzD4_9fastskill3cli8commands3add17add_from_registry0s4_0Bb_
FNDA:0,_RNCNCNvNtNtNtCsfVElPQFRzD4_9fastskill3cli8commands3add17add_from_registry0s5_0Bb_
FNDA:0,_RNCNCNvNtNtNtCsfVElPQFRzD4_9fastskill3cli8commands3add17add_from_registry0s6_0Bb_
FNDA:0,_RNCNCNvNtNtNtCsfVElPQFRzD4_9fastskill3cli8commands3add17add_from_registry0s_0Bb_
FNDA:3,_RNCNvNtNtNtCsfVElPQFRzD4_9fastskill3cli8commands3add11execute_add0B9_
FNDA:0,_RNCNvNtNtNtCsfVElPQFRzD4_9fastskill3cli8commands3add12add_from_git0B9_
FNDA:0,_RNCNvNtNtNtCsfVElPQFRzD4_9fastskill3cli8commands3add12add_from_zip0B9_
FNDA:2,_RNCNvNtNtNtCsfVElPQFRzD4_9fastskill3cli8commands3add15add_from_folder0B9_
FNDA:1,_RNCNvNtNtNtCsfVElPQFRzD4_9fastskill3cli8commands3add17add_from_registry0B9_
FNDA:0,_RNCNvNtNtNtCsfVElPQFRzD4_9fastskill3cli8commands3add18copy_dir_recursive0B9_
FNDA:0,_RNCNvNtNtNtCsfVElPQFRzD4_9fastskill3cli8commands3add20update_project_files0B9_
FNDA:0,_RNCNvNtNtNtCsfVElPQFRzD4_9fastskill3cli8commands3add20update_project_filess0_0B9_
FNDA:0,_RNCNvNtNtNtCsfVElPQFRzD4_9fastskill3cli8commands3add20update_project_filess_0B9_
FNDA:0,_RNCNvNtNtNtCsfVElPQFRzD4_9fastskill3cli8commands3add22create_skill_from_path0B9_
FNDA:0,_RNCNvNtNtNtCsfVElPQFRzD4_9fastskill3cli8commands3add22create_skill_from_paths0_0B9_
FNDA:0,_RNCNvNtNtNtCsfVElPQFRzD4_9fastskill3cli8commands3add22create_skill_from_paths_0B9_
FNDA:0,_RNCNvNtNtNtCsfVElPQFRzD4_9fastskill3cli8commands3add23read_skill_id_from_toml0B9_
FNDA:0,_RNCNvNtNtNtCsfVElPQFRzD4_9fastskill3cli8commands3add23read_skill_id_from_tomls0_0B9_
FNDA:0,_RNCNvNtNtNtCsfVElPQFRzD4_9fastskill3cli8commands3add23read_skill_id_from_tomls1_0B9_
FNDA:0,_RNCNvNtNtNtCsfVElPQFRzD4_9fastskill3cli8commands3add23read_skill_id_from_tomls_0B9_
FNDA:1,_RNvNtNtNtNtCsfVElPQFRzD4_9fastskill3cli8commands3add5testss_32test_execute_add_with_force_flag
FNDA:1,_RNvNtNtNtNtCsfVElPQFRzD4_9fastskill3cli8commands3add5testss_33test_execute_add_invalid_skill_id
FNDA:1,_RNvNtNtNtNtCsfVElPQFRzD4_9fastskill3cli8commands3add5testss_35test_execute_add_nonexistent_source
FNDA:0,_RNvNtNtNtCs4etJKk8xmvn_9fastskill3cli8commands3add11execute_add
FNDA:0,_RNvNtNtNtCs4etJKk8xmvn_9fastskill3cli8commands3add12add_from_git
FNDA:0,_RNvNtNtNtCs4etJKk8xmvn_9fastskill3cli8commands3add12add_from_zip
FNDA:0,_RNvNtNtNtCs4etJKk8xmvn_9fastskill3cli8commands3add15add_from_folder
FNDA:0,_RNvNtNtNtCs4etJKk8xmvn_9fastskill3cli8commands3add17add_from_registry
FNDA:0,_RNvNtNtNtCs4etJKk8xmvn_9fastskill3cli8commands3add18copy_dir_recursive
FNDA:0,_RNvNtNtNtCs4etJKk8xmvn_9fastskill3cli8commands3add20update_project_files
FNDA:0,_RNvNtNtNtCs4etJKk8xmvn_9fastskill3cli8commands3add22create_skill_from_path
FNDA:0,_RNvNtNtNtCs4etJKk8xmvn_9fastskill3cli8commands3add23find_skill_in_directory
FNDA:0,_RNvNtNtNtCs4etJKk8xmvn_9fastskill3cli8commands3add23read_skill_id_from_toml
FNDA:0,_RNCNCNvNtNtNtCs4etJKk8xmvn_9fastskill3cli8commands3add11execute_add00Bb_
FNDA:0,_RNCNCNvNtNtNtCs4etJKk8xmvn_9fastskill3cli8commands3add11execute_add0s_0Bb_
FNDA:0,_RNCNCNvNtNtNtCs4etJKk8xmvn_9fastskill3cli8commands3add12add_from_git00Bb_
FNDA:0,_RNCNCNvNtNtNtCs4etJKk8xmvn_9fastskill3cli8commands3add12add_from_git0s0_0Bb_
FNDA:0,_RNCNCNvNtNtNtCs4etJKk8xmvn_9fastskill3cli8commands3add12add_from_git0s1_0Bb_
FNDA:0,_RNCNCNvNtNtNtCs4etJKk8xmvn_9fastskill3cli8commands3add12add_from_git0s_0Bb_
FNDA:0,_RNCNCNvNtNtNtCs4etJKk8xmvn_9fastskill3cli8commands3add12add_from_zip00Bb_
FNDA:0,_RNCNCNvNtNtNtCs4etJKk8xmvn_9fastskill3cli8commands3add12add_from_zip0s_0Bb_
FNDA:0,_RNCNCNvNtNtNtCs4etJKk8xmvn_9fastskill3cli8commands3add17add_from_registry00Bb_
FNDA:0,_RNCNCNvNtNtNtCs4etJKk8xmvn_9fastskill3cli8commands3add17add_from_registry0s0_0Bb_
FNDA:0,_RNCNCNvNtNtNtCs4etJKk8xmvn_9fastskill3cli8commands3add17add_from_registry0s1_0Bb_
FNDA:0,_RNCNCNvNtNtNtCs4etJKk8xmvn_9fastskill3cli8commands3add17add_from_registry0s2_0Bb_
FNDA:0,_RNCNCNvNtNtNtCs4etJKk8xmvn_9fastskill3cli8commands3add17add_from_registry0s3_0Bb_
FNDA:0,_RNCNCNvNtNtNtCs4etJKk8xmvn_9fastskill3cli8commands3add17add_from_registry0s4_0Bb_
FNDA:0,_RNCNCNvNtNtNtCs4etJKk8xmvn_9fastskill3cli8commands3add17add_from_registry0s5_0Bb_
FNDA:0,_RNCNCNvNtNtNtCs4etJKk8xmvn_9fastskill3cli8commands3add17add_from_registry0s6_0Bb_
FNDA:0,_RNCNCNvNtNtNtCs4etJKk8xmvn_9fastskill3cli8commands3add17add_from_registry0s_0Bb_
FNDA:0,_RNCNvNtNtNtCs4etJKk8xmvn_9fastskill3cli8commands3add11execute_add0B9_
FNDA:0,_RNCNvNtNtNtCs4etJKk8xmvn_9fastskill3cli8commands3add12add_from_git0B9_
FNDA:0,_RNCNvNtNtNtCs4etJKk8xmvn_9fastskill3cli8commands3add12add_from_zip0B9_
FNDA:0,_RNCNvNtNtNtCs4etJKk8xmvn_9fastskill3cli8commands3add15add_from_folder0B9_
FNDA:0,_RNCNvNtNtNtCs4etJKk8xmvn_9fastskill3cli8commands3add17add_from_registry0B9_
FNDA:0,_RNCNvNtNtNtCs4etJKk8xmvn_9fastskill3cli8commands3add18copy_dir_recursive0B9_
FNDA:0,_RNCNvNtNtNtCs4etJKk8xmvn_9fastskill3cli8commands3add20update_project_files0B9_
FNDA:0,_RNCNvNtNtNtCs4etJKk8xmvn_9fastskill3cli8commands3add20update_project_filess0_0B9_
FNDA:0,_RNCNvNtNtNtCs4etJKk8xmvn_9fastskill3cli8commands3add20update_project_filess_0B9_
FNDA:0,_RNCNvNtNtNtCs4etJKk8xmvn_9fastskill3cli8commands3add22create_skill_from_path0B9_
FNDA:0,_RNCNvNtNtNtCs4etJKk8xmvn_9fastskill3cli8commands3add22create_skill_from_paths0_0B9_
FNDA:0,_RNCNvNtNtNtCs4etJKk8xmvn_9fastskill3cli8commands3add22create_skill_from_paths_0B9_
FNDA:0,_RNCNvNtNtNtCs4etJKk8xmvn_9fastskill3cli8commands3add23read_skill_id_from_toml0B9_
FNDA:0,_RNCNvNtNtNtCs4etJKk8xmvn_9fastskill3cli8commands3add23read_skill_id_from_tomls0_0B9_
FNDA:0,_RNCNvNtNtNtCs4etJKk8xmvn_9fastskill3cli8commands3add23read_skill_id_from_tomls1_0B9_
FNDA:0,_RNCNvNtNtNtCs4etJKk8xmvn_9fastskill3cli8commands3add23read_skill_id_from_tomls_0B9_
FNF:49
FNH:12
DA:21,0
DA:22,0
DA:23,0
DA:24,0
DA:25,0
DA:27,0
DA:28,0
DA:31,0
DA:32,0
DA:33,0
DA:34,0
DA:35,0
DA:37,0
DA:39,0
DA:40,0
DA:42,0
DA:43,0
DA:80,3
DA:81,3
DA:84,3
DA:85,3
DA:86,3
DA:87,2
DA:88,2
DA:89,2
DA:90,2
DA:91,0
DA:93,2
DA:96,0
DA:99,0
DA:102,3
DA:103,0
DA:104,0
DA:106,2
DA:107,2
DA:109,0
DA:110,0
DA:111,0
DA:112,0
DA:113,0
DA:114,0
DA:115,0
DA:116,0
DA:117,0
DA:118,0
DA:119,0
DA:121,1
DA:122,1
DA:125,3
DA:127,0
DA:128,0
DA:129,0
DA:130,0
DA:131,0
DA:132,0
DA:133,0
DA:134,0
DA:137,0
DA:138,0
DA:139,0
DA:140,0
DA:141,0
DA:142,0
DA:145,0
DA:146,0
DA:149,0
DA:150,0
DA:151,0
DA:153,0
DA:154,0
DA:155,0
DA:156,0
DA:157,0
DA:159,0
DA:160,0
DA:162,0
DA:163,0
DA:164,0
DA:165,0
DA:166,0
DA:167,0
DA:168,0
DA:173,0
DA:174,0
DA:178,0
DA:181,0
DA:182,0
DA:183,0
DA:184,0
DA:185,0
DA:186,0
DA:187,0
DA:188,0
DA:189,0
DA:190,0
DA:191,0
DA:193,0
DA:194,0
DA:195,0
DA:196,0
DA:199,0
DA:202,0
DA:203,0
DA:206,0
DA:207,0
DA:208,0
DA:209,0
DA:210,0
DA:211,0
DA:214,0
DA:215,0
DA:216,0
DA:217,0
DA:218,0
DA:219,0
DA:221,0
DA:222,0
DA:223,0
DA:224,0
DA:225,0
DA:226,0
DA:227,0
DA:228,0
DA:229,0
DA:230,0
DA:234,0
DA:235,0
DA:236,0
DA:237,0
DA:240,0
DA:241,0
DA:242,0
DA:243,0
DA:244,0
DA:245,0
DA:246,0
DA:247,0
DA:248,0
DA:249,0
DA:250,0
DA:251,0
DA:252,0
DA:253,0
DA:256,0
DA:258,0
DA:262,0
DA:264,0
DA:266,0
DA:267,0
DA:269,2
DA:270,2
DA:271,2
DA:272,2
DA:273,2
DA:274,2
DA:275,2
DA:276,2
DA:279,2
DA:283,0
DA:286,0
DA:287,0
DA:288,0
DA:289,0
DA:290,0
DA:291,0
DA:292,0
DA:293,0
DA:294,0
DA:295,0
DA:296,0
DA:298,0
DA:299,0
DA:300,0
DA:301,0
DA:304,0
DA:307,0
DA:308,0
DA:311,0
DA:312,0
DA:313,0
DA:314,0
DA:315,0
DA:316,0
DA:319,0
DA:320,0
DA:321,0
DA:322,0
DA:323,0
DA:324,0
DA:326,0
DA:327,0
DA:328,0
DA:329,0
DA:330,0
DA:331,0
DA:332,0
DA:333,0
DA:334,0
DA:335,0
DA:339,0
DA:340,0
DA:341,0
DA:342,0
DA:345,0
DA:346,0
DA:347,0
DA:348,0
DA:349,0
DA:350,0
DA:351,0
DA:352,0
DA:353,0
DA:354,0
DA:355,0
DA:356,0
DA:357,0
DA:358,0
DA:361,0
DA:363,0
DA:367,0
DA:369,0
DA:371,0
DA:372,2
DA:374,0
DA:375,0
DA:376,0
DA:377,0
DA:378,0
DA:379,0
DA:380,0
DA:381,0
DA:382,0
DA:383,0
DA:386,0
DA:387,0
DA:393,0
DA:394,0
DA:395,0
DA:398,0
DA:399,0
DA:400,0
DA:401,0
DA:402,0
DA:403,0
DA:404,0
DA:405,0
DA:406,0
DA:408,0
DA:412,0
DA:413,0
DA:416,0
DA:420,0
DA:423,0
DA:424,0
DA:425,0
DA:426,0
DA:427,0
DA:428,0
DA:429,0
DA:430,0
DA:431,0
DA:432,0
DA:433,0
DA:435,0
DA:436,0
DA:437,0
DA:438,0
DA:441,0
DA:444,0
DA:445,0
DA:448,0
DA:449,0
DA:450,0
DA:451,0
DA:452,0
DA:453,0
DA:456,0
DA:457,0
DA:458,0
DA:459,0
DA:460,0
DA:461,0
DA:463,0
DA:464,0
DA:465,0
DA:466,0
DA:467,0
DA:468,0
DA:469,0
DA:470,0
DA:471,0
DA:472,0
DA:476,0
DA:477,0
DA:478,0
DA:479,0
DA:480,0
DA:481,0
DA:482,0
DA:486,0
DA:487,0
DA:488,0
DA:489,0
DA:490,0
DA:491,0
DA:492,0
DA:493,0
DA:494,0
DA:495,0
DA:496,0
DA:497,0
DA:498,0
DA:499,0
DA:500,0
DA:501,0
DA:502,0
DA:505,0
DA:507,0
DA:511,0
DA:513,0
DA:515,0
DA:517,0
DA:520,1
DA:521,1
DA:522,1
DA:523,1
DA:524,1
DA:525,1
DA:526,1
DA:527,1
DA:530,1
DA:533,1
DA:534,0
DA:535,0
DA:536,0
DA:540,1
DA:541,1
DA:542,1
DA:543,1
DA:547,0
DA:548,0
DA:551,0
DA:552,0
DA:553,0
DA:554,0
DA:555,0
DA:556,0
DA:560,0
DA:561,0
DA:564,0
DA:565,0
DA:566,0
DA:567,0
DA:570,0
DA:571,0
DA:572,0
DA:573,0
DA:576,0
DA:577,0
DA:580,0
DA:581,0
DA:582,0
DA:583,0
DA:585,0
DA:586,0
DA:587,0
DA:588,0
DA:589,0
DA:590,0
DA:593,0
DA:594,0
DA:595,0
DA:596,0
DA:597,0
DA:598,0
DA:602,0
DA:603,0
DA:604,0
DA:605,0
DA:606,0
DA:607,0
DA:608,0
DA:609,0
DA:610,0
DA:611,0
DA:614,0
DA:618,0
DA:619,0
DA:620,0
DA:621,0
DA:625,0
DA:626,0
DA:627,0
DA:630,0
DA:631,0
DA:634,0
DA:635,0
DA:636,0
DA:638,0
DA:639,0
DA:640,0
DA:641,0
DA:642,0
DA:644,0
DA:645,0
DA:647,0
DA:648,0
DA:649,0
DA:650,0
DA:651,0
DA:652,0
DA:653,0
DA:658,0
DA:659,0
DA:663,0
DA:666,0
DA:667,0
DA:668,0
DA:669,0
DA:670,0
DA:671,0
DA:674,0
DA:675,0
DA:676,0
DA:677,0
DA:678,0
DA:679,0
DA:680,0
DA:681,0
DA:682,0
DA:683,0
DA:684,0
DA:685,0
DA:687,0
DA:688,0
DA:689,0
DA:690,0
DA:693,0
DA:696,0
DA:697,0
DA:700,0
DA:701,0
DA:702,0
DA:703,0
DA:704,0
DA:705,0
DA:707,0
DA:708,0
DA:709,0
DA:710,0
DA:711,0
DA:712,0
DA:714,0
DA:715,0
DA:716,0
DA:717,0
DA:718,0
DA:719,0
DA:720,0
DA:721,0
DA:722,0
DA:723,0
DA:727,0
DA:728,0
DA:729,0
DA:730,0
DA:731,0
DA:734,0
DA:735,0
DA:736,0
DA:737,0
DA:738,0
DA:739,0
DA:740,0
DA:741,0
DA:742,0
DA:743,0
DA:744,0
DA:745,0
DA:746,0
DA:747,0
DA:748,0
DA:751,0
DA:753,0
DA:757,0
DA:759,0
DA:761,0
DA:762,1
DA:765,0
DA:766,0
DA:768,0
DA:769,0
DA:770,0
DA:771,0
DA:772,0
DA:773,0
DA:780,0
DA:781,0
DA:783,0
DA:784,0
DA:786,0
DA:787,0
DA:788,0
DA:790,0
DA:791,0
DA:792,0
DA:793,0
DA:794,0
DA:795,0
DA:798,0
DA:800,0
DA:801,0
DA:802,0
DA:805,0
DA:806,0
DA:807,0
DA:808,0
DA:809,0
DA:810,0
DA:811,0
DA:814,0
DA:815,0
DA:816,0
DA:817,0
DA:818,0
DA:822,0
DA:824,0
DA:825,0
DA:826,0
DA:829,0
DA:830,0
DA:833,0
DA:834,0
DA:835,0
DA:836,0
DA:839,0
DA:840,0
DA:841,0
DA:842,0
DA:843,0
DA:847,0
DA:850,0
DA:852,0
DA:853,0
DA:856,0
DA:858,0
DA:860,0
DA:862,0
DA:863,0
DA:864,0
DA:865,0
DA:867,0
DA:869,0
DA:872,0
DA:873,0
DA:874,0
DA:878,0
DA:879,0
DA:889,1
DA:890,1
DA:891,1
DA:892,1
DA:893,1
DA:894,1
DA:896,1
DA:897,1
DA:899,1
DA:900,1
DA:901,1
DA:902,1
DA:903,1
DA:904,1
DA:905,1
DA:906,1
DA:907,1
DA:909,1
DA:910,1
DA:911,1
DA:914,1
DA:915,1
DA:916,1
DA:917,1
DA:918,1
DA:919,1
DA:921,1
DA:922,1
DA:924,1
DA:925,1
DA:926,1
DA:927,1
DA:928,1
DA:929,1
DA:930,1
DA:931,1
DA:932,1
DA:934,1
DA:936,1
DA:937,1
DA:940,1
DA:941,1
DA:942,1
DA:943,1
DA:944,1
DA:945,1
DA:947,1
DA:948,1
DA:950,1
DA:951,1
DA:952,1
DA:953,1
DA:954,1
DA:955,1
DA:956,1
DA:957,1
DA:958,1
DA:961,1
DA:962,1
DA:963,1
BRF:0
BRH:0
LF:661
LH:110
end_of_record
SF:/home/sysuser/ws001/gofastskill/fastskill/src/bin/../cli/commands/auth.rs
FN:67,_RNCNCNvNtNtNtCsfVElPQFRzD4_9fastskill3cli8commands4auth13execute_login00Bb_
FN:85,_RNCNCNvNtNtNtCsfVElPQFRzD4_9fastskill3cli8commands4auth13execute_login0s0_0Bb_
FN:98,_RNCNCNvNtNtNtCsfVElPQFRzD4_9fastskill3cli8commands4auth13execute_login0s1_0Bb_
FN:102,_RNCNCNvNtNtNtCsfVElPQFRzD4_9fastskill3cli8commands4auth13execute_login0s2_0Bb_
FN:103,_RNCNCNvNtNtNtCsfVElPQFRzD4_9fastskill3cli8commands4auth13execute_login0s3_0Bb_
FN:104,_RNCNCNvNtNtNtCsfVElPQFRzD4_9fastskill3cli8commands4auth13execute_login0s4_0Bb_
FN:68,_RNCNCNvNtNtNtCsfVElPQFRzD4_9fastskill3cli8commands4auth13execute_login0s_0Bb_
FN:54,_RNCNvNtNtNtCsfVElPQFRzD4_9fastskill3cli8commands4auth12execute_auth0B9_
FN:63,_RNCNvNtNtNtCsfVElPQFRzD4_9fastskill3cli8commands4auth13execute_login0B9_
FN:123,_RNCNvNtNtNtCsfVElPQFRzD4_9fastskill3cli8commands4auth14execute_logout0B9_
FN:124,_RNCNvNtNtNtCsfVElPQFRzD4_9fastskill3cli8commands4auth14execute_logouts_0B9_
FN:142,_RNCNvNtNtNtCsfVElPQFRzD4_9fastskill3cli8commands4auth14execute_whoami0B9_
FN:143,_RNCNvNtNtNtCsfVElPQFRzD4_9fastskill3cli8commands4auth14execute_whoamis_0B9_
FN:54,_RNvNtNtNtCsfVElPQFRzD4_9fastskill3cli8commands4auth12execute_auth
FN:63,_RNvNtNtNtCsfVElPQFRzD4_9fastskill3cli8commands4auth13execute_login
FN:119,_RNvNtNtNtCsfVElPQFRzD4_9fastskill3cli8commands4auth14execute_logout
FN:138,_RNvNtNtNtCsfVElPQFRzD4_9fastskill3cli8commands4auth14execute_whoami
FN:67,_RNCNCNvNtNtNtCs4etJKk8xmvn_9fastskill3cli8commands4auth13execute_login00Bb_
FN:85,_RNCNCNvNtNtNtCs4etJKk8xmvn_9fastskill3cli8commands4auth13execute_login0s0_0Bb_
FN:98,_RNCNCNvNtNtNtCs4etJKk8xmvn_9fastskill3cli8commands4auth13execute_login0s1_0Bb_
FN:102,_RNCNCNvNtNtNtCs4etJKk8xmvn_9fastskill3cli8commands4auth13execute_login0s2_0Bb_
FN:103,_RNCNCNvNtNtNtCs4etJKk8xmvn_9fastskill3cli8commands4auth13execute_login0s3_0Bb_
FN:104,_RNCNCNvNtNtNtCs4etJKk8xmvn_9fastskill3cli8commands4auth13execute_login0s4_0Bb_
FN:68,_RNCNCNvNtNtNtCs4etJKk8xmvn_9fastskill3cli8commands4auth13execute_login0s_0Bb_
FN:54,_RNCNvNtNtNtCs4etJKk8xmvn_9fastskill3cli8commands4auth12execute_auth0B9_
FN:63,_RNCNvNtNtNtCs4etJKk8xmvn_9fastskill3cli8commands4auth13execute_login0B9_
FN:123,_RNCNvNtNtNtCs4etJKk8xmvn_9fastskill3cli8commands4auth14execute_logout0B9_
FN:124,_RNCNvNtNtNtCs4etJKk8xmvn_9fastskill3cli8commands4auth14execute_logouts_0B9_
FN:142,_RNCNvNtNtNtCs4etJKk8xmvn_9fastskill3cli8commands4auth14execute_whoami0B9_
FN:143,_RNCNvNtNtNtCs4etJKk8xmvn_9fastskill3cli8commands4auth14execute_whoamis_0B9_
FN:54,_RNvNtNtNtCs4etJKk8xmvn_9fastskill3cli8commands4auth12execute_auth
FN:63,_RNvNtNtNtCs4etJKk8xmvn_9fastskill3cli8commands4auth13execute_login
FN:119,_RNvNtNtNtCs4etJKk8xmvn_9fastskill3cli8commands4auth14execute_logout
FN:138,_RNvNtNtNtCs4etJKk8xmvn_9fastskill3cli8commands4auth14execute_whoami
FNDA:0,_RNCNCNvNtNtNtCsfVElPQFRzD4_9fastskill3cli8commands4auth13execute_login00Bb_
FNDA:0,_RNCNCNvNtNtNtCsfVElPQFRzD4_9fastskill3cli8commands4auth13execute_login0s0_0Bb_
FNDA:0,_RNCNCNvNtNtNtCsfVElPQFRzD4_9fastskill3cli8commands4auth13execute_login0s1_0Bb_
FNDA:0,_RNCNCNvNtNtNtCsfVElPQFRzD4_9fastskill3cli8commands4auth13execute_login0s2_0Bb_
FNDA:0,_RNCNCNvNtNtNtCsfVElPQFRzD4_9fastskill3cli8commands4auth13execute_login0s3_0Bb_
FNDA:0,_RNCNCNvNtNtNtCsfVElPQFRzD4_9fastskill3cli8commands4auth13execute_login0s4_0Bb_
FNDA:0,_RNCNCNvNtNtNtCsfVElPQFRzD4_9fastskill3cli8commands4auth13execute_login0s_0Bb_
FNDA:0,_RNCNvNtNtNtCsfVElPQFRzD4_9fastskill3cli8commands4auth12execute_auth0B9_
FNDA:0,_RNCNvNtNtNtCsfVElPQFRzD4_9fastskill3cli8commands4auth13execute_login0B9_
FNDA:0,_RNCNvNtNtNtCsfVElPQFRzD4_9fastskill3cli8commands4auth14execute_logout0B9_
FNDA:0,_RNCNvNtNtNtCsfVElPQFRzD4_9fastskill3cli8commands4auth14execute_logouts_0B9_
FNDA:0,_RNCNvNtNtNtCsfVElPQFRzD4_9fastskill3cli8commands4auth14execute_whoami0B9_
FNDA:0,_RNCNvNtNtNtCsfVElPQFRzD4_9fastskill3cli8commands4auth14execute_whoamis_0B9_
FNDA:0,_RNvNtNtNtCsfVElPQFRzD4_9fastskill3cli8commands4auth12execute_auth
FNDA:0,_RNvNtNtNtCsfVElPQFRzD4_9fastskill3cli8commands4auth13execute_login
FNDA:0,_RNvNtNtNtCsfVElPQFRzD4_9fastskill3cli8commands4auth14execute_logout
FNDA:0,_RNvNtNtNtCsfVElPQFRzD4_9fastskill3cli8commands4auth14execute_whoami
FNDA:0,_RNCNCNvNtNtNtCs4etJKk8xmvn_9fastskill3cli8commands4auth13execute_login00Bb_
FNDA:0,_RNCNCNvNtNtNtCs4etJKk8xmvn_9fastskill3cli8commands4auth13execute_login0s0_0Bb_
FNDA:0,_RNCNCNvNtNtNtCs4etJKk8xmvn_9fastskill3cli8commands4auth13execute_login0s1_0Bb_
FNDA:0,_RNCNCNvNtNtNtCs4etJKk8xmvn_9fastskill3cli8commands4auth13execute_login0s2_0Bb_
FNDA:0,_RNCNCNvNtNtNtCs4etJKk8xmvn_9fastskill3cli8commands4auth13execute_login0s3_0Bb_
FNDA:0,_RNCNCNvNtNtNtCs4etJKk8xmvn_9fastskill3cli8commands4auth13execute_login0s4_0Bb_
FNDA:0,_RNCNCNvNtNtNtCs4etJKk8xmvn_9fastskill3cli8commands4auth13execute_login0s_0Bb_
FNDA:0,_RNCNvNtNtNtCs4etJKk8xmvn_9fastskill3cli8commands4auth12execute_auth0B9_
FNDA:0,_RNCNvNtNtNtCs4etJKk8xmvn_9fastskill3cli8commands4auth13execute_login0B9_
FNDA:0,_RNCNvNtNtNtCs4etJKk8xmvn_9fastskill3cli8commands4auth14execute_logout0B9_
FNDA:0,_RNCNvNtNtNtCs4etJKk8xmvn_9fastskill3cli8commands4auth14execute_logouts_0B9_
FNDA:0,_RNCNvNtNtNtCs4etJKk8xmvn_9fastskill3cli8commands4auth14execute_whoami0B9_
FNDA:0,_RNCNvNtNtNtCs4etJKk8xmvn_9fastskill3cli8commands4auth14execute_whoamis_0B9_
FNDA:0,_RNvNtNtNtCs4etJKk8xmvn_9fastskill3cli8commands4auth12execute_auth
FNDA:0,_RNvNtNtNtCs4etJKk8xmvn_9fastskill3cli8commands4auth13execute_login
FNDA:0,_RNvNtNtNtCs4etJKk8xmvn_9fastskill3cli8commands4auth14execute_logout
FNDA:0,_RNvNtNtNtCs4etJKk8xmvn_9fastskill3cli8commands4auth14execute_whoami
FNF:17
FNH:0
DA:54,0
DA:55,0
DA:56,0
DA:57,0
DA:58,0
DA:60,0
DA:63,0
DA:65,0
DA:66,0
DA:67,0
DA:68,0
DA:70,0
DA:73,0
DA:74,0
DA:76,0
DA:77,0
DA:80,0
DA:81,0
DA:82,0
DA:83,0
DA:84,0
DA:85,0
DA:87,0
DA:88,0
DA:90,0
DA:91,0
DA:93,0
DA:95,0
DA:96,0
DA:97,0
DA:98,0
DA:100,0
DA:101,0
DA:102,0
DA:103,0
DA:104,0
DA:107,0
DA:109,0
DA:111,0
DA:113,0
DA:115,0
DA:116,0
DA:119,0
DA:121,0
DA:122,0
DA:123,0
DA:124,0
DA:127,0
DA:129,0
DA:131,0
DA:134,0
DA:135,0
DA:138,0
DA:140,0
DA:141,0
DA:142,0
DA:143,0
DA:146,0
DA:147,0
DA:148,0
DA:149,0
DA:150,0
DA:151,0
DA:154,0
DA:155,0
DA:156,0
DA:157,0
DA:158,0
DA:159,0
DA:160,0
DA:161,0
DA:162,0
DA:163,0
DA:164,0
DA:165,0
DA:166,0
DA:168,0
DA:169,0
DA:170,0
DA:171,0
DA:174,0
DA:175,0
BRF:0
BRH:0
LF:95
LH:0
end_of_record
SF:/home/sysuser/ws001/gofastskill/fastskill/src/bin/../cli/commands/disable.rs
FN:46,_RNvNtNtNtNtCsfVElPQFRzD4_9fastskill3cli8commands7disable5testss_31test_execute_disable_empty_args
FN:68,_RNvNtNtNtNtCsfVElPQFRzD4_9fastskill3cli8commands7disable5testss_37test_execute_disable_invalid_skill_id
FN:92,_RNvNtNtNtNtCsfVElPQFRzD4_9fastskill3cli8commands7disable5testss_38test_execute_disable_nonexistent_skill
FN:46,_RNCNvNtNtNtNtCsfVElPQFRzD4_9fastskill3cli8commands7disable5testss_31test_execute_disable_empty_args0Bb_
FN:68,_RNCNvNtNtNtNtCsfVElPQFRzD4_9fastskill3cli8commands7disable5testss_37test_execute_disable_invalid_skill_id0Bb_
FN:92,_RNCNvNtNtNtNtCsfVElPQFRzD4_9fastskill3cli8commands7disable5testss_38test_execute_disable_nonexistent_skill0Bb_
FN:14,_RNvNtNtNtCsfVElPQFRzD4_9fastskill3cli8commands7disable15execute_disable
FN:21,_RNCNCNvNtNtNtCsfVElPQFRzD4_9fastskill3cli8commands7disable15execute_disable00Bb_
FN:26,_RNCNCNvNtNtNtCsfVElPQFRzD4_9fastskill3cli8commands7disable15execute_disable0s_0Bb_
FN:14,_RNCNvNtNtNtCsfVElPQFRzD4_9fastskill3cli8commands7disable15execute_disable0B9_
FN:21,_RNCNCNvNtNtNtCs4etJKk8xmvn_9fastskill3cli8commands7disable15execute_disable00Bb_
FN:26,_RNCNCNvNtNtNtCs4etJKk8xmvn_9fastskill3cli8commands7disable15execute_disable0s_0Bb_
FN:14,_RNCNvNtNtNtCs4etJKk8xmvn_9fastskill3cli8commands7disable15execute_disable0B9_
FN:14,_RNvNtNtNtCs4etJKk8xmvn_9fastskill3cli8commands7disable15execute_disable
FNDA:1,_RNvNtNtNtNtCsfVElPQFRzD4_9fastskill3cli8commands7disable5testss_31test_execute_disable_empty_args
FNDA:1,_RNvNtNtNtNtCsfVElPQFRzD4_9fastskill3cli8commands7disable5testss_37test_execute_disable_invalid_skill_id
FNDA:1,_RNvNtNtNtNtCsfVElPQFRzD4_9fastskill3cli8commands7disable5testss_38test_execute_disable_nonexistent_skill
FNDA:1,_RNCNvNtNtNtNtCsfVElPQFRzD4_9fastskill3cli8commands7disable5testss_31test_execute_disable_empty_args0Bb_
FNDA:1,_RNCNvNtNtNtNtCsfVElPQFRzD4_9fastskill3cli8commands7disable5testss_37test_execute_disable_invalid_skill_id0Bb_
FNDA:1,_RNCNvNtNtNtNtCsfVElPQFRzD4_9fastskill3cli8commands7disable5testss_38test_execute_disable_nonexistent_skill0Bb_
FNDA:3,_RNvNtNtNtCsfVElPQFRzD4_9fastskill3cli8commands7disable15execute_disable
FNDA:2,_RNCNCNvNtNtNtCsfVElPQFRzD4_9fastskill3cli8commands7disable15execute_disable00Bb_
FNDA:0,_RNCNCNvNtNtNtCsfVElPQFRzD4_9fastskill3cli8commands7disable15execute_disable0s_0Bb_
FNDA:3,_RNCNvNtNtNtCsfVElPQFRzD4_9fastskill3cli8commands7disable15execute_disable0B9_
FNDA:0,_RNCNCNvNtNtNtCs4etJKk8xmvn_9fastskill3cli8commands7disable15execute_disable00Bb_
FNDA:0,_RNCNCNvNtNtNtCs4etJKk8xmvn_9fastskill3cli8commands7disable15execute_disable0s_0Bb_
FNDA:0,_RNCNvNtNtNtCs4etJKk8xmvn_9fastskill3cli8commands7disable15execute_disable0B9_
FNDA:0,_RNvNtNtNtCs4etJKk8xmvn_9fastskill3cli8commands7disable15execute_disable
FNF:10
FNH:9
DA:14,3
DA:15,3
DA:16,1
DA:17,2
DA:19,2
DA:20,2
DA:21,2
DA:22,0
DA:23,0
DA:24,0
DA:25,0
DA:26,0
DA:27,0
DA:28,0
DA:29,0
DA:30,0
DA:31,0
DA:32,0
DA:35,0
DA:36,3
DA:46,1
DA:47,1
DA:48,1
DA:49,1
DA:50,1
DA:51,1
DA:53,1
DA:54,1
DA:56,1
DA:58,1
DA:59,1
DA:60,1
DA:61,1
DA:62,1
DA:63,1
DA:64,1
DA:65,1
DA:68,1
DA:69,1
DA:70,1
DA:71,1
DA:72,1
DA:73,1
DA:75,1
DA:76,1
DA:78,1
DA:79,1
DA:80,1
DA:82,1
DA:83,1
DA:84,1
DA:85,1
DA:86,1
DA:87,1
DA:88,1
DA:89,1
DA:92,1
DA:93,1
DA:94,1
DA:95,1
DA:96,1
DA:97,1
DA:99,1
DA:100,1
DA:102,1
DA:103,1
DA:104,1
DA:107,1
DA:108,1
DA:109,1
BRF:0
BRH:0
LF:84
LH:68
end_of_record
SF:/home/sysuser/ws001/gofastskill/fastskill/src/bin/../cli/commands/init.rs
FN:382,_RNCNvNtNtNtNtCsfVElPQFRzD4_9fastskill3cli8commands4init5testss_31test_execute_init_with_all_args0Bb_
FN:429,_RNCNvNtNtNtNtCsfVElPQFRzD4_9fastskill3cli8commands4init5testss_33test_execute_init_with_invalid_id0Bb_
FN:406,_RNCNvNtNtNtNtCsfVElPQFRzD4_9fastskill3cli8commands4init5testss_38test_execute_init_with_invalid_version0Bb_
FN:46,_RNvNtNtNtCsfVElPQFRzD4_9fastskill3cli8commands4init12execute_init
FN:347,_RNvNtNtNtCsfVElPQFRzD4_9fastskill3cli8commands4init16prompt_for_field
FN:327,_RNvNtNtNtCsfVElPQFRzD4_9fastskill3cli8commands4init18prompt_for_version
FN:248,_RNvNtNtNtCsfVElPQFRzD4_9fastskill3cli8commands4init29extract_version_from_skill_md
FN:382,_RNvNtNtNtNtCsfVElPQFRzD4_9fastskill3cli8commands4init5testss_31test_execute_init_with_all_args
FN:429,_RNvNtNtNtNtCsfVElPQFRzD4_9fastskill3cli8commands4init5testss_33test_execute_init_with_invalid_id
FN:406,_RNvNtNtNtNtCsfVElPQFRzD4_9fastskill3cli8commands4init5testss_38test_execute_init_with_invalid_version
FN:67,_RNCNCNvNtNtNtCsfVElPQFRzD4_9fastskill3cli8commands4init12execute_init00Bb_
FN:93,_RNCNCNvNtNtNtCsfVElPQFRzD4_9fastskill3cli8commands4init12execute_init0s0_0Bb_
FN:98,_RNCNCNvNtNtNtCsfVElPQFRzD4_9fastskill3cli8commands4init12execute_init0s1_0Bb_
FN:150,_RNCNCNvNtNtNtCsfVElPQFRzD4_9fastskill3cli8commands4init12execute_init0s2_0Bb_
FN:153,_RNCNCNvNtNtNtCsfVElPQFRzD4_9fastskill3cli8commands4init12execute_init0s3_0Bb_
FN:154,_RNCNCNvNtNtNtCsfVElPQFRzD4_9fastskill3cli8commands4init12execute_init0s4_0Bb_
FN:160,_RNCNCNvNtNtNtCsfVElPQFRzD4_9fastskill3cli8commands4init12execute_init0s5_0Bb_
FN:184,_RNCNCNvNtNtNtCsfVElPQFRzD4_9fastskill3cli8commands4init12execute_init0s6_0Bb_
FN:195,_RNCNCNvNtNtNtCsfVElPQFRzD4_9fastskill3cli8commands4init12execute_init0s7_0Bb_
FN:217,_RNCNCNvNtNtNtCsfVElPQFRzD4_9fastskill3cli8commands4init12execute_init0s8_0Bb_
FN:220,_RNCNCNvNtNtNtCsfVElPQFRzD4_9fastskill3cli8commands4init12execute_init0s9_0Bb_
FN:68,_RNCNCNvNtNtNtCsfVElPQFRzD4_9fastskill3cli8commands4init12execute_init0s_0Bb_
FN:224,_RNCNCNvNtNtNtCsfVElPQFRzD4_9fastskill3cli8commands4init12execute_init0sa_0Bb_
FN:46,_RNCNvNtNtNtCsfVElPQFRzD4_9fastskill3cli8commands4init12execute_init0B9_
FN:362,_RNCNvNtNtNtCsfVElPQFRzD4_9fastskill3cli8commands4init16prompt_for_field0B9_
FN:342,_RNCNvNtNtNtCsfVElPQFRzD4_9fastskill3cli8commands4init18prompt_for_version0B9_
FN:290,_RNCNvNtNtNtCsfVElPQFRzD4_9fastskill3cli8commands4init29extract_version_from_skill_md0B9_
FN:308,_RNCNvNtNtNtCsfVElPQFRzD4_9fastskill3cli8commands4init29extract_version_from_skill_mds_0B9_
FN:46,_RNvNtNtNtCs4etJKk8xmvn_9fastskill3cli8commands4init12execute_init
FN:347,_RNvNtNtNtCs4etJKk8xmvn_9fastskill3cli8commands4init16prompt_for_field
FN:327,_RNvNtNtNtCs4etJKk8xmvn_9fastskill3cli8commands4init18prompt_for_version
FN:248,_RNvNtNtNtCs4etJKk8xmvn_9fastskill3cli8commands4init29extract_version_from_skill_md
FN:67,_RNCNCNvNtNtNtCs4etJKk8xmvn_9fastskill3cli8commands4init12execute_init00Bb_
FN:93,_RNCNCNvNtNtNtCs4etJKk8xmvn_9fastskill3cli8commands4init12execute_init0s0_0Bb_
FN:98,_RNCNCNvNtNtNtCs4etJKk8xmvn_9fastskill3cli8commands4init12execute_init0s1_0Bb_
FN:150,_RNCNCNvNtNtNtCs4etJKk8xmvn_9fastskill3cli8commands4init12execute_init0s2_0Bb_
FN:153,_RNCNCNvNtNtNtCs4etJKk8xmvn_9fastskill3cli8commands4init12execute_init0s3_0Bb_
FN:154,_RNCNCNvNtNtNtCs4etJKk8xmvn_9fastskill3cli8commands4init12execute_init0s4_0Bb_
FN:160,_RNCNCNvNtNtNtCs4etJKk8xmvn_9fastskill3cli8commands4init12execute_init0s5_0Bb_
FN:184,_RNCNCNvNtNtNtCs4etJKk8xmvn_9fastskill3cli8commands4init12execute_init0s6_0Bb_
FN:195,_RNCNCNvNtNtNtCs4etJKk8xmvn_9fastskill3cli8commands4init12execute_init0s7_0Bb_
FN:217,_RNCNCNvNtNtNtCs4etJKk8xmvn_9fastskill3cli8commands4init12execute_init0s8_0Bb_
FN:220,_RNCNCNvNtNtNtCs4etJKk8xmvn_9fastskill3cli8commands4init12execute_init0s9_0Bb_
FN:68,_RNCNCNvNtNtNtCs4etJKk8xmvn_9fastskill3cli8commands4init12execute_init0s_0Bb_
FN:224,_RNCNCNvNtNtNtCs4etJKk8xmvn_9fastskill3cli8commands4init12execute_init0sa_0Bb_
FN:46,_RNCNvNtNtNtCs4etJKk8xmvn_9fastskill3cli8commands4init12execute_init0B9_
FN:362,_RNCNvNtNtNtCs4etJKk8xmvn_9fastskill3cli8commands4init16prompt_for_field0B9_
FN:342,_RNCNvNtNtNtCs4etJKk8xmvn_9fastskill3cli8commands4init18prompt_for_version0B9_
FN:290,_RNCNvNtNtNtCs4etJKk8xmvn_9fastskill3cli8commands4init29extract_version_from_skill_md0B9_
FN:308,_RNCNvNtNtNtCs4etJKk8xmvn_9fastskill3cli8commands4init29extract_version_from_skill_mds_0B9_
FNDA:1,_RNCNvNtNtNtNtCsfVElPQFRzD4_9fastskill3cli8commands4init5testss_31test_execute_init_with_all_args0Bb_
FNDA:1,_RNCNvNtNtNtNtCsfVElPQFRzD4_9fastskill3cli8commands4init5testss_33test_execute_init_with_invalid_id0Bb_
FNDA:1,_RNCNvNtNtNtNtCsfVElPQFRzD4_9fastskill3cli8commands4init5testss_38test_execute_init_with_invalid_version0Bb_
FNDA:3,_RNvNtNtNtCsfVElPQFRzD4_9fastskill3cli8commands4init12execute_init
FNDA:0,_RNvNtNtNtCsfVElPQFRzD4_9fastskill3cli8commands4init16prompt_for_field
FNDA:0,_RNvNtNtNtCsfVElPQFRzD4_9fastskill3cli8commands4init18prompt_for_version
FNDA:0,_RNvNtNtNtCsfVElPQFRzD4_9fastskill3cli8commands4init29extract_version_from_skill_md
FNDA:1,_RNvNtNtNtNtCsfVElPQFRzD4_9fastskill3cli8commands4init5testss_31test_execute_init_with_all_args
FNDA:1,_RNvNtNtNtNtCsfVElPQFRzD4_9fastskill3cli8commands4init5testss_33test_execute_init_with_invalid_id
FNDA:1,_RNvNtNtNtNtCsfVElPQFRzD4_9fastskill3cli8commands4init5testss_38test_execute_init_with_invalid_version
FNDA:0,_RNCNCNvNtNtNtCsfVElPQFRzD4_9fastskill3cli8commands4init12execute_init00Bb_
FNDA:1,_RNCNCNvNtNtNtCsfVElPQFRzD4_9fastskill3cli8commands4init12execute_init0s0_0Bb_
FNDA:0,_RNCNCNvNtNtNtCsfVElPQFRzD4_9fastskill3cli8commands4init12execute_init0s1_0Bb_
FNDA:0,_RNCNCNvNtNtNtCsfVElPQFRzD4_9fastskill3cli8commands4init12execute_init0s2_0Bb_
FNDA:2,_RNCNCNvNtNtNtCsfVElPQFRzD4_9fastskill3cli8commands4init12execute_init0s3_0Bb_
FNDA:0,_RNCNCNvNtNtNtCsfVElPQFRzD4_9fastskill3cli8commands4init12execute_init0s4_0Bb_
FNDA:2,_RNCNCNvNtNtNtCsfVElPQFRzD4_9fastskill3cli8commands4init12execute_init0s5_0Bb_
FNDA:0,_RNCNCNvNtNtNtCsfVElPQFRzD4_9fastskill3cli8commands4init12execute_init0s6_0Bb_
FNDA:0,_RNCNCNvNtNtNtCsfVElPQFRzD4_9fastskill3cli8commands4init12execute_init0s7_0Bb_
FNDA:0,_RNCNCNvNtNtNtCsfVElPQFRzD4_9fastskill3cli8commands4init12execute_init0s8_0Bb_
FNDA:0,_RNCNCNvNtNtNtCsfVElPQFRzD4_9fastskill3cli8commands4init12execute_init0s9_0Bb_
FNDA:0,_RNCNCNvNtNtNtCsfVElPQFRzD4_9fastskill3cli8commands4init12execute_init0s_0Bb_
FNDA:0,_RNCNCNvNtNtNtCsfVElPQFRzD4_9fastskill3cli8commands4init12execute_init0sa_0Bb_
FNDA:3,_RNCNvNtNtNtCsfVElPQFRzD4_9fastskill3cli8commands4init12execute_init0B9_
FNDA:0,_RNCNvNtNtNtCsfVElPQFRzD4_9fastskill3cli8commands4init16prompt_for_field0B9_
FNDA:0,_RNCNvNtNtNtCsfVElPQFRzD4_9fastskill3cli8commands4init18prompt_for_version0B9_
FNDA:0,_RNCNvNtNtNtCsfVElPQFRzD4_9fastskill3cli8commands4init29extract_version_from_skill_md0B9_
FNDA:0,_RNCNvNtNtNtCsfVElPQFRzD4_9fastskill3cli8commands4init29extract_version_from_skill_mds_0B9_
FNDA:0,_RNvNtNtNtCs4etJKk8xmvn_9fastskill3cli8commands4init12execute_init
FNDA:0,_RNvNtNtNtCs4etJKk8xmvn_9fastskill3cli8commands4init16prompt_for_field
FNDA:0,_RNvNtNtNtCs4etJKk8xmvn_9fastskill3cli8commands4init18prompt_for_version
FNDA:0,_RNvNtNtNtCs4etJKk8xmvn_9fastskill3cli8commands4init29extract_version_from_skill_md
FNDA:0,_RNCNCNvNtNtNtCs4etJKk8xmvn_9fastskill3cli8commands4init12execute_init00Bb_
FNDA:0,_RNCNCNvNtNtNtCs4etJKk8xmvn_9fastskill3cli8commands4init12execute_init0s0_0Bb_
FNDA:0,_RNCNCNvNtNtNtCs4etJKk8xmvn_9fastskill3cli8commands4init12execute_init0s1_0Bb_
FNDA:0,_RNCNCNvNtNtNtCs4etJKk8xmvn_9fastskill3cli8commands4init12execute_init0s2_0Bb_
FNDA:0,_RNCNCNvNtNtNtCs4etJKk8xmvn_9fastskill3cli8commands4init12execute_init0s3_0Bb_
FNDA:0,_RNCNCNvNtNtNtCs4etJKk8xmvn_9fastskill3cli8commands4init12execute_init0s4_0Bb_
FNDA:0,_RNCNCNvNtNtNtCs4etJKk8xmvn_9fastskill3cli8commands4init12execute_init0s5_0Bb_
FNDA:0,_RNCNCNvNtNtNtCs4etJKk8xmvn_9fastskill3cli8commands4init12execute_init0s6_0Bb_
FNDA:0,_RNCNCNvNtNtNtCs4etJKk8xmvn_9fastskill3cli8commands4init12execute_init0s7_0Bb_
FNDA:0,_RNCNCNvNtNtNtCs4etJKk8xmvn_9fastskill3cli8commands4init12execute_init0s8_0Bb_
FNDA:0,_RNCNCNvNtNtNtCs4etJKk8xmvn_9fastskill3cli8commands4init12execute_init0s9_0Bb_
FNDA:0,_RNCNCNvNtNtNtCs4etJKk8xmvn_9fastskill3cli8commands4init12execute_init0s_0Bb_
FNDA:0,_RNCNCNvNtNtNtCs4etJKk8xmvn_9fastskill3cli8commands4init12execute_init0sa_0Bb_
FNDA:0,_RNCNvNtNtNtCs4etJKk8xmvn_9fastskill3cli8commands4init12execute_init0B9_
FNDA:0,_RNCNvNtNtNtCs4etJKk8xmvn_9fastskill3cli8commands4init16prompt_for_field0B9_
FNDA:0,_RNCNvNtNtNtCs4etJKk8xmvn_9fastskill3cli8commands4init18prompt_for_version0B9_
FNDA:0,_RNCNvNtNtNtCs4etJKk8xmvn_9fastskill3cli8commands4init29extract_version_from_skill_md0B9_
FNDA:0,_RNCNvNtNtNtCs4etJKk8xmvn_9fastskill3cli8commands4init29extract_version_from_skill_mds_0B9_
FNF:28
FNH:11
DA:46,3
DA:47,3
DA:48,3
DA:51,3
DA:52,3
DA:53,0
DA:54,0
DA:55,0
DA:56,3
DA:59,3
DA:62,3
DA:65,3
DA:66,0
DA:67,0
DA:68,0
DA:69,0
DA:70,0
DA:71,0
DA:73,3
DA:74,3
DA:75,3
DA:76,3
DA:77,3
DA:78,3
DA:79,3
DA:80,3
DA:81,3
DA:82,3
DA:83,3
DA:84,3
DA:85,3
DA:86,3
DA:90,3
DA:92,3
DA:93,3
DA:94,2
DA:95,0
DA:96,0
DA:97,0
DA:98,0
DA:99,0
DA:101,0
DA:102,0
DA:103,0
DA:104,0
DA:106,0
DA:107,0
DA:110,0
DA:111,0
DA:113,0
DA:118,2
DA:119,1
DA:120,1
DA:121,0
DA:122,1
DA:123,0
DA:125,1
DA:129,2
DA:130,1
DA:131,1
DA:132,0
DA:133,1
DA:134,0
DA:136,1
DA:140,2
DA:141,1
DA:142,1
DA:143,0
DA:145,1
DA:149,2
DA:150,2
DA:151,2
DA:152,2
DA:153,2
DA:154,2
DA:155,0
DA:156,0
DA:159,2
DA:160,2
DA:161,0
DA:164,0
DA:167,0
DA:168,0
DA:169,0
DA:170,0
DA:171,0
DA:172,0
DA:173,0
DA:174,0
DA:177,0
DA:178,0
DA:179,0
DA:183,0
DA:184,0
DA:186,0
DA:187,0
DA:188,0
DA:189,0
DA:190,0
DA:193,0
DA:194,0
DA:195,0
DA:198,0
DA:199,0
DA:200,0
DA:201,0
DA:202,0
DA:203,0
DA:204,0
DA:205,0
DA:206,0
DA:207,0
DA:208,0
DA:209,0
DA:210,0
DA:211,0
DA:212,0
DA:213,0
DA:214,0
DA:216,0
DA:217,0
DA:218,0
DA:219,0
DA:220,0
DA:223,0
DA:224,0
DA:225,0
DA:226,0
DA:227,0
DA:228,0
DA:229,0
DA:231,0
DA:233,0
DA:234,0
DA:235,0
DA:236,0
DA:238,0
DA:239,0
DA:241,0
DA:243,0
DA:245,0
DA:246,3
DA:248,0
DA:250,0
DA:251,0
DA:252,0
DA:254,0
DA:256,0
DA:258,0
DA:260,0
DA:261,0
DA:262,0
DA:263,0
DA:264,0
DA:266,0
DA:267,0
DA:269,0
DA:272,0
DA:276,0
DA:279,0
DA:280,0
DA:281,0
DA:282,0
DA:283,0
DA:285,0
DA:286,0
DA:287,0
DA:288,0
DA:289,0
DA:290,0
DA:292,0
DA:294,0
DA:297,0
DA:300,0
DA:302,0
DA:303,0
DA:304,0
DA:305,0
DA:306,0
DA:307,0
DA:308,0
DA:309,0
DA:310,0
DA:311,0
DA:312,0
DA:313,0
DA:314,0
DA:316,0
DA:317,0
DA:320,0
DA:321,0
DA:322,0
DA:324,0
DA:325,0
DA:327,0
DA:328,0
DA:329,0
DA:330,0
DA:331,0
DA:333,0
DA:334,0
DA:335,0
DA:337,0
DA:338,0
DA:341,0
DA:342,0
DA:343,0
DA:345,0
DA:347,0
DA:348,0
DA:349,0
DA:351,0
DA:354,0
DA:355,0
DA:357,0
DA:358,0
DA:359,0
DA:361,0
DA:362,0
DA:364,0
DA:366,0
DA:382,1
DA:383,1
DA:384,1
DA:386,1
DA:387,1
DA:388,1
DA:389,1
DA:390,1
DA:391,1
DA:392,1
DA:393,1
DA:395,1
DA:397,1
DA:398,1
DA:399,1
DA:400,0
DA:401,0
DA:402,1
DA:403,1
DA:406,1
DA:407,1
DA:408,1
DA:410,1
DA:411,1
DA:412,1
DA:413,1
DA:414,1
DA:415,1
DA:416,1
DA:417,1
DA:419,1
DA:420,1
DA:421,1
DA:422,1
DA:423,1
DA:424,1
DA:425,1
DA:426,1
DA:429,1
DA:433,1
DA:434,1
DA:436,1
DA:437,1
DA:438,1
DA:439,1
DA:440,1
DA:441,1
DA:442,1
DA:443,1
DA:447,1
DA:449,1
DA:450,1
DA:451,0
DA:452,0
DA:453,1
DA:454,1
BRF:0
BRH:0
LF:315
LH:120
end_of_record
SF:/home/sysuser/ws001/gofastskill/fastskill/src/bin/../cli/commands/install.rs
FN:344,_RNvNtNtNtNtCsfVElPQFRzD4_9fastskill3cli8commands7install5testss_32test_execute_install_no_manifest
FN:432,_RNvNtNtNtNtCsfVElPQFRzD4_9fastskill3cli8commands7install5testss_40test_execute_install_with_empty_manifest
FN:389,_RNvNtNtNtNtCsfVElPQFRzD4_9fastskill3cli8commands7install5testss_45test_execute_install_with_lock_file_not_found
FN:344,_RNCNvNtNtNtNtCsfVElPQFRzD4_9fastskill3cli8commands7install5testss_32test_execute_install_no_manifest0Bb_
FN:432,_RNCNvNtNtNtNtCsfVElPQFRzD4_9fastskill3cli8commands7install5testss_40test_execute_install_with_empty_manifest0Bb_
FN:389,_RNCNvNtNtNtNtCsfVElPQFRzD4_9fastskill3cli8commands7install5testss_45test_execute_install_with_lock_file_not_found0Bb_
FN:146,_RNCNCNCNCNvNtNtNtCsfVElPQFRzD4_9fastskill3cli8commands7install15execute_install0s5_000Bf_
FN:155,_RNCNCNCNCNvNtNtNtCsfVElPQFRzD4_9fastskill3cli8commands7install15execute_install0s6_000Bf_
FN:146,_RNCNCNCNvNtNtNtCsfVElPQFRzD4_9fastskill3cli8commands7install15execute_install0s5_00Bd_
FN:155,_RNCNCNCNvNtNtNtCsfVElPQFRzD4_9fastskill3cli8commands7install15execute_install0s6_00Bd_
FN:44,_RNCNCNvNtNtNtCsfVElPQFRzD4_9fastskill3cli8commands7install15execute_install00Bb_
FN:101,_RNCNCNvNtNtNtCsfVElPQFRzD4_9fastskill3cli8commands7install15execute_install0s0_0Bb_
FN:107,_RNCNCNvNtNtNtCsfVElPQFRzD4_9fastskill3cli8commands7install15execute_install0s1_0Bb_
FN:124,_RNCNCNvNtNtNtCsfVElPQFRzD4_9fastskill3cli8commands7install15execute_install0s2_0Bb_
FN:128,_RNCNCNvNtNtNtCsfVElPQFRzD4_9fastskill3cli8commands7install15execute_install0s3_0Bb_
FN:135,_RNCNCNvNtNtNtCsfVElPQFRzD4_9fastskill3cli8commands7install15execute_install0s4_0Bb_
FN:142,_RNCNCNvNtNtNtCsfVElPQFRzD4_9fastskill3cli8commands7install15execute_install0s5_0Bb_
FN:151,_RNCNCNvNtNtNtCsfVElPQFRzD4_9fastskill3cli8commands7install15execute_install0s6_0Bb_
FN:175,_RNCNCNvNtNtNtCsfVElPQFRzD4_9fastskill3cli8commands7install15execute_install0s7_0Bb_
FN:205,_RNCNCNvNtNtNtCsfVElPQFRzD4_9fastskill3cli8commands7install15execute_install0s8_0Bb_
FN:78,_RNCNCNvNtNtNtCsfVElPQFRzD4_9fastskill3cli8commands7install15execute_install0s_0Bb_
FN:38,_RNCNvNtNtNtCsfVElPQFRzD4_9fastskill3cli8commands7install15execute_install0B9_
FN:231,_RNCNvNtNtNtCsfVElPQFRzD4_9fastskill3cli8commands7install40create_sources_manager_from_repositories0B9_
FN:324,_RNCNvNtNtNtCsfVElPQFRzD4_9fastskill3cli8commands7install40create_sources_manager_from_repositoriess0_0B9_
FN:262,_RNCNvNtNtNtCsfVElPQFRzD4_9fastskill3cli8commands7install40create_sources_manager_from_repositoriess_0B9_
FN:351,_RNvXNCNvNtNtNtNtCsfVElPQFRzD4_9fastskill3cli8commands7install5testss_32test_execute_install_no_manifest0NtB2_8DirGuardNtNtNtCsiJueO4bndGx_4core3ops4drop4Drop4drop
FN:446,_RNvXNCNvNtNtNtNtCsfVElPQFRzD4_9fastskill3cli8commands7install5testss_40test_execute_install_with_empty_manifest0NtB2_8DirGuardNtNtNtCsiJueO4bndGx_4core3ops4drop4Drop4drop
FN:396,_RNvXNCNvNtNtNtNtCsfVElPQFRzD4_9fastskill3cli8commands7install5testss_45test_execute_install_with_lock_file_not_found0NtB2_8DirGuardNtNtNtCsiJueO4bndGx_4core3ops4drop4Drop4drop
FN:38,_RNvNtNtNtCsfVElPQFRzD4_9fastskill3cli8commands7install15execute_install
FN:217,_RNvNtNtNtCsfVElPQFRzD4_9fastskill3cli8commands7install40create_sources_manager_from_repositories
FN:146,_RNCNCNCNCNvNtNtNtCs4etJKk8xmvn_9fastskill3cli8commands7install15execute_install0s5_000Bf_
FN:155,_RNCNCNCNCNvNtNtNtCs4etJKk8xmvn_9fastskill3cli8commands7install15execute_install0s6_000Bf_
FN:146,_RNCNCNCNvNtNtNtCs4etJKk8xmvn_9fastskill3cli8commands7install15execute_install0s5_00Bd_
FN:155,_RNCNCNCNvNtNtNtCs4etJKk8xmvn_9fastskill3cli8commands7install15execute_install0s6_00Bd_
FN:44,_RNCNCNvNtNtNtCs4etJKk8xmvn_9fastskill3cli8commands7install15execute_install00Bb_
FN:101,_RNCNCNvNtNtNtCs4etJKk8xmvn_9fastskill3cli8commands7install15execute_install0s0_0Bb_
FN:107,_RNCNCNvNtNtNtCs4etJKk8xmvn_9fastskill3cli8commands7install15execute_install0s1_0Bb_
FN:124,_RNCNCNvNtNtNtCs4etJKk8xmvn_9fastskill3cli8commands7install15execute_install0s2_0Bb_
FN:128,_RNCNCNvNtNtNtCs4etJKk8xmvn_9fastskill3cli8commands7install15execute_install0s3_0Bb_
FN:135,_RNCNCNvNtNtNtCs4etJKk8xmvn_9fastskill3cli8commands7install15execute_install0s4_0Bb_
FN:142,_RNCNCNvNtNtNtCs4etJKk8xmvn_9fastskill3cli8commands7install15execute_install0s5_0Bb_
FN:151,_RNCNCNvNtNtNtCs4etJKk8xmvn_9fastskill3cli8commands7install15execute_install0s6_0Bb_
FN:175,_RNCNCNvNtNtNtCs4etJKk8xmvn_9fastskill3cli8commands7install15execute_install0s7_0Bb_
FN:205,_RNCNCNvNtNtNtCs4etJKk8xmvn_9fastskill3cli8commands7install15execute_install0s8_0Bb_
FN:78,_RNCNCNvNtNtNtCs4etJKk8xmvn_9fastskill3cli8commands7install15execute_install0s_0Bb_
FN:38,_RNCNvNtNtNtCs4etJKk8xmvn_9fastskill3cli8commands7install15execute_install0B9_
FN:231,_RNCNvNtNtNtCs4etJKk8xmvn_9fastskill3cli8commands7install40create_sources_manager_from_repositories0B9_
FN:324,_RNCNvNtNtNtCs4etJKk8xmvn_9fastskill3cli8commands7install40create_sources_manager_from_repositoriess0_0B9_
FN:262,_RNCNvNtNtNtCs4etJKk8xmvn_9fastskill3cli8commands7install40create_sources_manager_from_repositoriess_0B9_
FN:38,_RNvNtNtNtCs4etJKk8xmvn_9fastskill3cli8commands7install15execute_install
FN:217,_RNvNtNtNtCs4etJKk8xmvn_9fastskill3cli8commands7install40create_sources_manager_from_repositories
FNDA:1,_RNvNtNtNtNtCsfVElPQFRzD4_9fastskill3cli8commands7install5testss_32test_execute_install_no_manifest
FNDA:1,_RNvNtNtNtNtCsfVElPQFRzD4_9fastskill3cli8commands7install5testss_40test_execute_install_with_empty_manifest
FNDA:1,_RNvNtNtNtNtCsfVElPQFRzD4_9fastskill3cli8commands7install5testss_45test_execute_install_with_lock_file_not_found
FNDA:1,_RNCNvNtNtNtNtCsfVElPQFRzD4_9fastskill3cli8commands7install5testss_32test_execute_install_no_manifest0Bb_
FNDA:1,_RNCNvNtNtNtNtCsfVElPQFRzD4_9fastskill3cli8commands7install5testss_40test_execute_install_with_empty_manifest0Bb_
FNDA:1,_RNCNvNtNtNtNtCsfVElPQFRzD4_9fastskill3cli8commands7install5testss_45test_execute_install_with_lock_file_not_found0Bb_
FNDA:0,_RNCNCNCNCNvNtNtNtCsfVElPQFRzD4_9fastskill3cli8commands7install15execute_install0s5_000Bf_
FNDA:0,_RNCNCNCNCNvNtNtNtCsfVElPQFRzD4_9fastskill3cli8commands7install15execute_install0s6_000Bf_
FNDA:0,_RNCNCNCNvNtNtNtCsfVElPQFRzD4_9fastskill3cli8commands7install15execute_install0s5_00Bd_
FNDA:0,_RNCNCNCNvNtNtNtCsfVElPQFRzD4_9fastskill3cli8commands7install15execute_install0s6_00Bd_
FNDA:0,_RNCNCNvNtNtNtCsfVElPQFRzD4_9fastskill3cli8commands7install15execute_install00Bb_
FNDA:0,_RNCNCNvNtNtNtCsfVElPQFRzD4_9fastskill3cli8commands7install15execute_install0s0_0Bb_
FNDA:0,_RNCNCNvNtNtNtCsfVElPQFRzD4_9fastskill3cli8commands7install15execute_install0s1_0Bb_
FNDA:0,_RNCNCNvNtNtNtCsfVElPQFRzD4_9fastskill3cli8commands7install15execute_install0s2_0Bb_
FNDA:0,_RNCNCNvNtNtNtCsfVElPQFRzD4_9fastskill3cli8commands7install15execute_install0s3_0Bb_
FNDA:0,_RNCNCNvNtNtNtCsfVElPQFRzD4_9fastskill3cli8commands7install15execute_install0s4_0Bb_
FNDA:0,_RNCNCNvNtNtNtCsfVElPQFRzD4_9fastskill3cli8commands7install15execute_install0s5_0Bb_
FNDA:0,_RNCNCNvNtNtNtCsfVElPQFRzD4_9fastskill3cli8commands7install15execute_install0s6_0Bb_
FNDA:0,_RNCNCNvNtNtNtCsfVElPQFRzD4_9fastskill3cli8commands7install15execute_install0s7_0Bb_
FNDA:0,_RNCNCNvNtNtNtCsfVElPQFRzD4_9fastskill3cli8commands7install15execute_install0s8_0Bb_
FNDA:0,_RNCNCNvNtNtNtCsfVElPQFRzD4_9fastskill3cli8commands7install15execute_install0s_0Bb_
FNDA:3,_RNCNvNtNtNtCsfVElPQFRzD4_9fastskill3cli8commands7install15execute_install0B9_
FNDA:0,_RNCNvNtNtNtCsfVElPQFRzD4_9fastskill3cli8commands7install40create_sources_manager_from_repositories0B9_
FNDA:0,_RNCNvNtNtNtCsfVElPQFRzD4_9fastskill3cli8commands7install40create_sources_manager_from_repositoriess0_0B9_
FNDA:0,_RNCNvNtNtNtCsfVElPQFRzD4_9fastskill3cli8commands7install40create_sources_manager_from_repositoriess_0B9_
FNDA:1,_RNvXNCNvNtNtNtNtCsfVElPQFRzD4_9fastskill3cli8commands7install5testss_32test_execute_install_no_manifest0NtB2_8DirGuardNtNtNtCsiJueO4bndGx_4core3ops4drop4Drop4drop
FNDA:1,_RNvXNCNvNtNtNtNtCsfVElPQFRzD4_9fastskill3cli8commands7install5testss_40test_execute_install_with_empty_manifest0NtB2_8DirGuardNtNtNtCsiJueO4bndGx_4core3ops4drop4Drop4drop
FNDA:1,_RNvXNCNvNtNtNtNtCsfVElPQFRzD4_9fastskill3cli8commands7install5testss_45test_execute_install_with_lock_file_not_found0NtB2_8DirGuardNtNtNtCsiJueO4bndGx_4core3ops4drop4Drop4drop
FNDA:3,_RNvNtNtNtCsfVElPQFRzD4_9fastskill3cli8commands7install15execute_install
FNDA:1,_RNvNtNtNtCsfVElPQFRzD4_9fastskill3cli8commands7install40create_sources_manager_from_repositories
FNDA:0,_RNCNCNCNCNvNtNtNtCs4etJKk8xmvn_9fastskill3cli8commands7install15execute_install0s5_000Bf_
FNDA:0,_RNCNCNCNCNvNtNtNtCs4etJKk8xmvn_9fastskill3cli8commands7install15execute_install0s6_000Bf_
FNDA:0,_RNCNCNCNvNtNtNtCs4etJKk8xmvn_9fastskill3cli8commands7install15execute_install0s5_00Bd_
FNDA:0,_RNCNCNCNvNtNtNtCs4etJKk8xmvn_9fastskill3cli8commands7install15execute_install0s6_00Bd_
FNDA:0,_RNCNCNvNtNtNtCs4etJKk8xmvn_9fastskill3cli8commands7install15execute_install00Bb_
FNDA:0,_RNCNCNvNtNtNtCs4etJKk8xmvn_9fastskill3cli8commands7install15execute_install0s0_0Bb_
FNDA:0,_RNCNCNvNtNtNtCs4etJKk8xmvn_9fastskill3cli8commands7install15execute_install0s1_0Bb_
FNDA:0,_RNCNCNvNtNtNtCs4etJKk8xmvn_9fastskill3cli8commands7install15execute_install0s2_0Bb_
FNDA:0,_RNCNCNvNtNtNtCs4etJKk8xmvn_9fastskill3cli8commands7install15execute_install0s3_0Bb_
FNDA:0,_RNCNCNvNtNtNtCs4etJKk8xmvn_9fastskill3cli8commands7install15execute_install0s4_0Bb_
FNDA:0,_RNCNCNvNtNtNtCs4etJKk8xmvn_9fastskill3cli8commands7install15execute_install0s5_0Bb_
FNDA:0,_RNCNCNvNtNtNtCs4etJKk8xmvn_9fastskill3cli8commands7install15execute_install0s6_0Bb_
FNDA:0,_RNCNCNvNtNtNtCs4etJKk8xmvn_9fastskill3cli8commands7install15execute_install0s7_0Bb_
FNDA:0,_RNCNCNvNtNtNtCs4etJKk8xmvn_9fastskill3cli8commands7install15execute_install0s8_0Bb_
FNDA:0,_RNCNCNvNtNtNtCs4etJKk8xmvn_9fastskill3cli8commands7install15execute_install0s_0Bb_
FNDA:0,_RNCNvNtNtNtCs4etJKk8xmvn_9fastskill3cli8commands7install15execute_install0B9_
FNDA:0,_RNCNvNtNtNtCs4etJKk8xmvn_9fastskill3cli8commands7install40create_sources_manager_from_repositories0B9_
FNDA:0,_RNCNvNtNtNtCs4etJKk8xmvn_9fastskill3cli8commands7install40create_sources_manager_from_repositoriess0_0B9_
FNDA:0,_RNCNvNtNtNtCs4etJKk8xmvn_9fastskill3cli8commands7install40create_sources_manager_from_repositoriess_0B9_
FNDA:0,_RNvNtNtNtCs4etJKk8xmvn_9fastskill3cli8commands7install15execute_install
FNDA:0,_RNvNtNtNtCs4etJKk8xmvn_9fastskill3cli8commands7install40create_sources_manager_from_repositories
FNF:30
FNH:12
DA:38,3
DA:39,3
DA:40,3
DA:43,3
DA:44,3
DA:45,3
DA:46,3
DA:49,3
DA:50,3
DA:52,0
DA:56,3
DA:57,1
DA:58,1
DA:59,1
DA:60,2
DA:63,2
DA:67,2
DA:68,2
DA:69,2
DA:70,2
DA:71,2
DA:75,2
DA:77,0
DA:78,0
DA:80,0
DA:81,0
DA:82,0
DA:83,0
DA:84,0
DA:85,0
DA:86,0
DA:87,0
DA:88,0
DA:91,0
DA:92,0
DA:95,2
DA:96,1
DA:100,1
DA:101,1
DA:104,1
DA:106,0
DA:107,0
DA:109,0
DA:113,0
DA:116,1
DA:117,1
DA:118,1
DA:119,1
DA:120,1
DA:121,0
DA:123,0
DA:124,0
DA:127,0
DA:128,0
DA:129,0
DA:130,0
DA:133,0
DA:134,0
DA:135,0
DA:138,0
DA:139,0
DA:141,0
DA:142,0
DA:143,0
DA:144,0
DA:145,0
DA:146,0
DA:147,0
DA:148,0
DA:150,0
DA:151,0
DA:152,0
DA:153,0
DA:154,0
DA:155,0
DA:156,0
DA:157,0
DA:158,0
DA:160,0
DA:163,0
DA:165,0
DA:166,0
DA:168,0
DA:170,0
DA:171,0
DA:174,0
DA:175,0
DA:178,0
DA:179,0
DA:180,0
DA:181,0
DA:182,0
DA:183,0
DA:184,0
DA:186,0
DA:188,0
DA:189,0
DA:190,0
DA:191,0
DA:192,0
DA:193,0
DA:194,0
DA:195,0
DA:196,0
DA:197,0
DA:198,0
DA:203,0
DA:204,0
DA:205,0
DA:208,0
DA:209,0
DA:210,0
DA:212,0
DA:213,3
DA:217,1
DA:218,1
DA:219,1
DA:222,1
DA:223,1
DA:225,1
DA:227,0
DA:229,0
DA:231,0
DA:232,0
DA:233,0
DA:234,0
DA:235,0
DA:237,0
DA:238,0
DA:241,0
DA:242,0
DA:243,0
DA:244,0
DA:245,0
DA:246,0
DA:247,0
DA:248,0
DA:250,0
DA:251,0
DA:252,0
DA:253,0
DA:254,0
DA:255,0
DA:257,0
DA:261,0
DA:262,0
DA:263,0
DA:264,0
DA:265,0
DA:266,0
DA:269,0
DA:270,0
DA:271,0
DA:272,0
DA:273,0
DA:274,0
DA:275,0
DA:276,0
DA:278,0
DA:279,0
DA:280,0
DA:281,0
DA:283,0
DA:287,0
DA:288,0
DA:290,0
DA:295,0
DA:299,0
DA:300,0
DA:301,0
DA:302,0
DA:303,0
DA:304,0
DA:305,0
DA:308,1
DA:309,1
DA:310,0
DA:313,0
DA:314,0
DA:317,0
DA:318,0
DA:319,0
DA:320,0
DA:321,0
DA:322,0
DA:324,0
DA:327,0
DA:328,1
DA:344,1
DA:345,1
DA:346,1
DA:351,1
DA:352,1
DA:353,1
DA:354,1
DA:355,1
DA:357,1
DA:359,1
DA:361,1
DA:362,1
DA:363,1
DA:364,1
DA:365,1
DA:367,1
DA:368,1
DA:369,1
DA:370,1
DA:371,1
DA:372,1
DA:373,1
DA:374,1
DA:375,1
DA:376,1
DA:377,1
DA:378,1
DA:379,1
DA:380,1
DA:381,1
DA:382,1
DA:383,1
DA:384,1
DA:385,1
DA:386,1
DA:389,1
DA:390,1
DA:391,1
DA:396,1
DA:397,1
DA:398,1
DA:399,1
DA:400,1
DA:402,1
DA:404,1
DA:407,1
DA:409,1
DA:410,1
DA:411,1
DA:412,1
DA:413,1
DA:415,1
DA:416,1
DA:417,1
DA:418,1
DA:419,1
DA:420,1
DA:421,1
DA:422,1
DA:423,1
DA:424,1
DA:425,1
DA:426,1
DA:427,1
DA:428,1
DA:429,1
DA:432,1
DA:437,1
DA:438,1
DA:441,1
DA:446,1
DA:447,1
DA:448,1
DA:449,1
DA:450,1
DA:452,1
DA:454,1
DA:457,1
DA:458,1
DA:459,1
DA:460,1
DA:462,1
DA:463,1
DA:464,1
DA:465,1
DA:466,1
DA:469,1
DA:471,1
DA:474,1
DA:475,1
BRF:0
BRH:0
LF:319
LH:142
end_of_record
SF:/home/sysuser/ws001/gofastskill/fastskill/src/bin/../cli/commands/list.rs
FN:153,_RNvNtNtNtCsfVElPQFRzD4_9fastskill3cli8commands4list14load_lock_file
FN:179,_RNvNtNtNtCsfVElPQFRzD4_9fastskill3cli8commands4list16format_list_grid
FN:128,_RNvNtNtNtCsfVElPQFRzD4_9fastskill3cli8commands4list17load_project_file
FN:105,_RNvNtNtNtCsfVElPQFRzD4_9fastskill3cli8commands4list17resolve_lock_file
FN:82,_RNvNtNtNtCsfVElPQFRzD4_9fastskill3cli8commands4list20resolve_project_file
FN:44,_RNCNCNvNtNtNtCsfVElPQFRzD4_9fastskill3cli8commands4list12execute_list00Bb_
FN:69,_RNCNCNvNtNtNtCsfVElPQFRzD4_9fastskill3cli8commands4list12execute_list0s_0Bb_
FN:31,_RNCNvNtNtNtCsfVElPQFRzD4_9fastskill3cli8commands4list12execute_list0B9_
FN:159,_RNCNvNtNtNtCsfVElPQFRzD4_9fastskill3cli8commands4list14load_lock_file0B9_
FN:167,_RNCNvNtNtNtCsfVElPQFRzD4_9fastskill3cli8commands4list14load_lock_files0_0B9_
FN:169,_RNCNvNtNtNtCsfVElPQFRzD4_9fastskill3cli8commands4list14load_lock_files1_0B9_
FN:162,_RNCNvNtNtNtCsfVElPQFRzD4_9fastskill3cli8commands4list14load_lock_files_0B9_
FN:213,_RNCNvNtNtNtCsfVElPQFRzD4_9fastskill3cli8commands4list16format_list_grid0B9_
FN:134,_RNCNvNtNtNtCsfVElPQFRzD4_9fastskill3cli8commands4list17load_project_file0B9_
FN:142,_RNCNvNtNtNtCsfVElPQFRzD4_9fastskill3cli8commands4list17load_project_files0_0B9_
FN:144,_RNCNvNtNtNtCsfVElPQFRzD4_9fastskill3cli8commands4list17load_project_files1_0B9_
FN:137,_RNCNvNtNtNtCsfVElPQFRzD4_9fastskill3cli8commands4list17load_project_files_0B9_
FN:123,_RNCNvNtNtNtCsfVElPQFRzD4_9fastskill3cli8commands4list17resolve_lock_file0B9_
FN:100,_RNCNvNtNtNtCsfVElPQFRzD4_9fastskill3cli8commands4list20resolve_project_file0B9_
FN:31,_RNvNtNtNtCsfVElPQFRzD4_9fastskill3cli8commands4list12execute_list
FN:44,_RNCNCNvNtNtNtCs4etJKk8xmvn_9fastskill3cli8commands4list12execute_list00Bb_
FN:69,_RNCNCNvNtNtNtCs4etJKk8xmvn_9fastskill3cli8commands4list12execute_list0s_0Bb_
FN:31,_RNCNvNtNtNtCs4etJKk8xmvn_9fastskill3cli8commands4list12execute_list0B9_
FN:159,_RNCNvNtNtNtCs4etJKk8xmvn_9fastskill3cli8commands4list14load_lock_file0B9_
FN:167,_RNCNvNtNtNtCs4etJKk8xmvn_9fastskill3cli8commands4list14load_lock_files0_0B9_
FN:169,_RNCNvNtNtNtCs4etJKk8xmvn_9fastskill3cli8commands4list14load_lock_files1_0B9_
FN:162,_RNCNvNtNtNtCs4etJKk8xmvn_9fastskill3cli8commands4list14load_lock_files_0B9_
FN:213,_RNCNvNtNtNtCs4etJKk8xmvn_9fastskill3cli8commands4list16format_list_grid0B9_
FN:134,_RNCNvNtNtNtCs4etJKk8xmvn_9fastskill3cli8commands4list17load_project_file0B9_
FN:142,_RNCNvNtNtNtCs4etJKk8xmvn_9fastskill3cli8commands4list17load_project_files0_0B9_
FN:144,_RNCNvNtNtNtCs4etJKk8xmvn_9fastskill3cli8commands4list17load_project_files1_0B9_
FN:137,_RNCNvNtNtNtCs4etJKk8xmvn_9fastskill3cli8commands4list17load_project_files_0B9_
FN:123,_RNCNvNtNtNtCs4etJKk8xmvn_9fastskill3cli8commands4list17resolve_lock_file0B9_
FN:100,_RNCNvNtNtNtCs4etJKk8xmvn_9fastskill3cli8commands4list20resolve_project_file0B9_
FN:31,_RNvNtNtNtCs4etJKk8xmvn_9fastskill3cli8commands4list12execute_list
FN:153,_RNvNtNtNtCs4etJKk8xmvn_9fastskill3cli8commands4list14load_lock_file
FN:179,_RNvNtNtNtCs4etJKk8xmvn_9fastskill3cli8commands4list16format_list_grid
FN:128,_RNvNtNtNtCs4etJKk8xmvn_9fastskill3cli8commands4list17load_project_file
FN:105,_RNvNtNtNtCs4etJKk8xmvn_9fastskill3cli8commands4list17resolve_lock_file
FN:82,_RNvNtNtNtCs4etJKk8xmvn_9fastskill3cli8commands4list20resolve_project_file
FNDA:0,_RNvNtNtNtCsfVElPQFRzD4_9fastskill3cli8commands4list14load_lock_file
FNDA:0,_RNvNtNtNtCsfVElPQFRzD4_9fastskill3cli8commands4list16format_list_grid
FNDA:0,_RNvNtNtNtCsfVElPQFRzD4_9fastskill3cli8commands4list17load_project_file
FNDA:0,_RNvNtNtNtCsfVElPQFRzD4_9fastskill3cli8commands4list17resolve_lock_file
FNDA:0,_RNvNtNtNtCsfVElPQFRzD4_9fastskill3cli8commands4list20resolve_project_file
FNDA:0,_RNCNCNvNtNtNtCsfVElPQFRzD4_9fastskill3cli8commands4list12execute_list00Bb_
FNDA:0,_RNCNCNvNtNtNtCsfVElPQFRzD4_9fastskill3cli8commands4list12execute_list0s_0Bb_
FNDA:0,_RNCNvNtNtNtCsfVElPQFRzD4_9fastskill3cli8commands4list12execute_list0B9_
FNDA:0,_RNCNvNtNtNtCsfVElPQFRzD4_9fastskill3cli8commands4list14load_lock_file0B9_
FNDA:0,_RNCNvNtNtNtCsfVElPQFRzD4_9fastskill3cli8commands4list14load_lock_files0_0B9_
FNDA:0,_RNCNvNtNtNtCsfVElPQFRzD4_9fastskill3cli8commands4list14load_lock_files1_0B9_
FNDA:0,_RNCNvNtNtNtCsfVElPQFRzD4_9fastskill3cli8commands4list14load_lock_files_0B9_
FNDA:0,_RNCNvNtNtNtCsfVElPQFRzD4_9fastskill3cli8commands4list16format_list_grid0B9_
FNDA:0,_RNCNvNtNtNtCsfVElPQFRzD4_9fastskill3cli8commands4list17load_project_file0B9_
FNDA:0,_RNCNvNtNtNtCsfVElPQFRzD4_9fastskill3cli8commands4list17load_project_files0_0B9_
FNDA:0,_RNCNvNtNtNtCsfVElPQFRzD4_9fastskill3cli8commands4list17load_project_files1_0B9_
FNDA:0,_RNCNvNtNtNtCsfVElPQFRzD4_9fastskill3cli8commands4list17load_project_files_0B9_
FNDA:0,_RNCNvNtNtNtCsfVElPQFRzD4_9fastskill3cli8commands4list17resolve_lock_file0B9_
FNDA:0,_RNCNvNtNtNtCsfVElPQFRzD4_9fastskill3cli8commands4list20resolve_project_file0B9_
FNDA:0,_RNvNtNtNtCsfVElPQFRzD4_9fastskill3cli8commands4list12execute_list
FNDA:0,_RNCNCNvNtNtNtCs4etJKk8xmvn_9fastskill3cli8commands4list12execute_list00Bb_
FNDA:0,_RNCNCNvNtNtNtCs4etJKk8xmvn_9fastskill3cli8commands4list12execute_list0s_0Bb_
FNDA:0,_RNCNvNtNtNtCs4etJKk8xmvn_9fastskill3cli8commands4list12execute_list0B9_
FNDA:0,_RNCNvNtNtNtCs4etJKk8xmvn_9fastskill3cli8commands4list14load_lock_file0B9_
FNDA:0,_RNCNvNtNtNtCs4etJKk8xmvn_9fastskill3cli8commands4list14load_lock_files0_0B9_
FNDA:0,_RNCNvNtNtNtCs4etJKk8xmvn_9fastskill3cli8commands4list14load_lock_files1_0B9_
FNDA:0,_RNCNvNtNtNtCs4etJKk8xmvn_9fastskill3cli8commands4list14load_lock_files_0B9_
FNDA:0,_RNCNvNtNtNtCs4etJKk8xmvn_9fastskill3cli8commands4list16format_list_grid0B9_
FNDA:0,_RNCNvNtNtNtCs4etJKk8xmvn_9fastskill3cli8commands4list17load_project_file0B9_
FNDA:0,_RNCNvNtNtNtCs4etJKk8xmvn_9fastskill3cli8commands4list17load_project_files0_0B9_
FNDA:0,_RNCNvNtNtNtCs4etJKk8xmvn_9fastskill3cli8commands4list17load_project_files1_0B9_
FNDA:0,_RNCNvNtNtNtCs4etJKk8xmvn_9fastskill3cli8commands4list17load_project_files_0B9_
FNDA:0,_RNCNvNtNtNtCs4etJKk8xmvn_9fastskill3cli8commands4list17resolve_lock_file0B9_
FNDA:0,_RNCNvNtNtNtCs4etJKk8xmvn_9fastskill3cli8commands4list20resolve_project_file0B9_
FNDA:0,_RNvNtNtNtCs4etJKk8xmvn_9fastskill3cli8commands4list12execute_list
FNDA:0,_RNvNtNtNtCs4etJKk8xmvn_9fastskill3cli8commands4list14load_lock_file
FNDA:0,_RNvNtNtNtCs4etJKk8xmvn_9fastskill3cli8commands4list16format_list_grid
FNDA:0,_RNvNtNtNtCs4etJKk8xmvn_9fastskill3cli8commands4list17load_project_file
FNDA:0,_RNvNtNtNtCs4etJKk8xmvn_9fastskill3cli8commands4list17resolve_lock_file
FNDA:0,_RNvNtNtNtCs4etJKk8xmvn_9fastskill3cli8commands4list20resolve_project_file
FNF:20
FNH:0
DA:31,0
DA:33,0
DA:34,0
DA:35,0
DA:36,0
DA:37,0
DA:39,0
DA:40,0
DA:43,0
DA:44,0
DA:45,0
DA:46,0
DA:47,0
DA:48,0
DA:49,0
DA:52,0
DA:53,0
DA:56,0
DA:57,0
DA:60,0
DA:61,0
DA:62,0
DA:65,0
DA:66,0
DA:67,0
DA:68,0
DA:69,0
DA:70,0
DA:72,0
DA:73,0
DA:75,0
DA:78,0
DA:79,0
DA:82,0
DA:84,0
DA:85,0
DA:86,0
DA:87,0
DA:88,0
DA:89,0
DA:92,0
DA:93,0
DA:94,0
DA:95,0
DA:98,0
DA:99,0
DA:100,0
DA:101,0
DA:102,0
DA:105,0
DA:107,0
DA:108,0
DA:109,0
DA:110,0
DA:111,0
DA:112,0
DA:115,0
DA:116,0
DA:117,0
DA:118,0
DA:121,0
DA:122,0
DA:123,0
DA:124,0
DA:125,0
DA:128,0
DA:129,0
DA:130,0
DA:131,0
DA:133,0
DA:134,0
DA:136,0
DA:137,0
DA:139,0
DA:142,0
DA:143,0
DA:144,0
DA:145,0
DA:147,0
DA:149,0
DA:150,0
DA:153,0
DA:154,0
DA:155,0
DA:156,0
DA:158,0
DA:159,0
DA:161,0
DA:162,0
DA:164,0
DA:167,0
DA:168,0
DA:169,0
DA:170,0
DA:171,0
DA:173,0
DA:175,0
DA:176,0
DA:179,0
DA:180,0
DA:181,0
DA:182,0
DA:183,0
DA:186,0
DA:187,0
DA:188,0
DA:190,0
DA:191,0
DA:194,0
DA:195,0
DA:196,0
DA:198,0
DA:199,0
DA:200,0
DA:201,0
DA:202,0
DA:203,0
DA:204,0
DA:205,0
DA:206,0
DA:207,0
DA:210,0
DA:211,0
DA:212,0
DA:213,0
DA:214,0
DA:215,0
DA:216,0
DA:219,0
DA:220,0
DA:221,0
DA:223,0
DA:226,0
DA:227,0
DA:229,0
DA:230,0
DA:231,0
DA:232,0
DA:233,0
DA:234,0
DA:235,0
DA:236,0
DA:238,0
DA:241,0
DA:242,0
DA:244,0
DA:246,0
DA:247,0
DA:248,0
DA:249,0
DA:252,0
DA:253,0
DA:255,0
DA:257,0
DA:258,0
DA:259,0
DA:260,0
DA:263,0
DA:264,0
DA:266,0
DA:268,0
DA:269,0
DA:270,0
DA:271,0
DA:272,0
DA:273,0
DA:274,0
DA:276,0
DA:277,0
DA:278,0
BRF:0
BRH:0
LF:185
LH:0
end_of_record
SF:/home/sysuser/ws001/gofastskill/fastskill/src/bin/../cli/commands/package.rs
FN:399,_RNCNvNtNtNtNtCsfVElPQFRzD4_9fastskill3cli8commands7package5testss_28test_execute_package_dry_run0Bb_
FN:375,_RNCNvNtNtNtNtCsfVElPQFRzD4_9fastskill3cli8commands7package5testss_37test_execute_package_empty_skills_dir0Bb_
FN:352,_RNCNvNtNtNtNtCsfVElPQFRzD4_9fastskill3cli8commands7package5testss_43test_execute_package_nonexistent_skills_dir0Bb_
FN:101,_RNCNCNvNtNtNtCsfVElPQFRzD4_9fastskill3cli8commands7package15execute_package00Bb_
[...]
DA:241,1
DA:242,1
DA:243,1
DA:244,17
DA:245,1
DA:246,1
DA:247,1
DA:248,1
DA:249,1
DA:250,1
DA:251,1
DA:252,1
DA:253,16
DA:255,18
DA:256,18
DA:257,1
DA:258,1
DA:259,1
DA:260,1
DA:261,1
DA:262,17
DA:264,0
DA:268,19
DA:269,19
DA:272,19
DA:273,19
DA:274,19
DA:275,19
DA:276,19
DA:278,19
DA:279,19
DA:280,19
DA:281,175
DA:282,1
DA:283,1
DA:284,1
DA:285,1
DA:286,1
DA:287,18
DA:290,19
DA:291,2
DA:292,2
DA:293,2
DA:294,2
DA:295,17
DA:297,19
DA:298,19
DA:301,19
DA:302,19
DA:303,19
DA:304,19
DA:305,19
DA:307,19
DA:308,1
DA:309,1
DA:310,1
DA:311,1
DA:312,1
DA:313,1
DA:315,18
DA:316,18
DA:318,18
DA:319,1
DA:320,1
DA:321,1
DA:322,1
DA:323,1
DA:324,1
DA:325,1
DA:326,1
DA:327,17
DA:330,18
DA:331,18
DA:332,0
DA:333,0
DA:334,0
DA:335,0
DA:336,0
DA:337,0
DA:338,0
DA:343,19
DA:344,2
DA:345,2
DA:346,1
DA:347,1
DA:348,1
DA:349,1
DA:350,1
DA:352,17
DA:355,19
DA:356,1
DA:357,1
DA:358,0
DA:359,0
DA:360,0
DA:361,0
DA:362,1
DA:364,18
DA:367,19
DA:368,1
DA:369,1
DA:370,0
DA:371,0
DA:372,0
DA:373,0
DA:374,1
DA:376,18
DA:378,19
DA:379,19
DA:382,19
DA:383,19
DA:384,19
DA:385,19
DA:386,19
DA:388,19
DA:389,18
DA:390,18
DA:392,234
DA:393,234
DA:394,2
DA:395,2
DA:396,2
DA:397,2
DA:398,2
DA:399,2
DA:400,2
DA:401,2
DA:402,232
DA:406,18
DA:407,1
DA:408,1
DA:409,1
DA:410,17
DA:412,0
DA:413,0
DA:414,0
DA:415,0
DA:416,0
DA:417,0
DA:418,0
DA:420,1
DA:423,19
DA:424,1
DA:425,1
DA:426,1
DA:427,1
DA:429,13
DA:430,13
DA:431,0
DA:432,0
DA:433,0
DA:434,0
DA:435,0
DA:436,0
DA:437,0
DA:438,0
DA:439,0
DA:440,13
DA:443,0
DA:444,0
DA:445,0
DA:446,0
DA:447,0
DA:448,0
DA:449,0
DA:450,0
DA:451,0
DA:452,0
DA:454,0
DA:456,18
DA:458,19
DA:459,19
DA:462,19
DA:463,19
DA:464,19
DA:465,19
DA:466,19
DA:467,19
DA:468,18
DA:469,18
DA:471,18
DA:472,18
DA:473,15
DA:474,15
DA:475,15
DA:476,15
DA:477,15
DA:479,3
DA:480,13
DA:481,13
DA:482,2
DA:483,2
DA:484,11
DA:487,3
DA:488,1
DA:489,1
DA:490,1
DA:491,1
DA:492,2
DA:495,0
DA:496,0
DA:497,0
DA:498,0
DA:499,0
DA:500,0
DA:501,0
DA:503,1
DA:505,19
DA:506,19
DA:509,7
DA:510,7
DA:511,7
DA:512,7
DA:513,7
DA:516,7
DA:517,1
DA:518,6
DA:520,6
DA:521,1
DA:522,5
DA:525,5
DA:526,5
DA:527,1
DA:528,1
DA:529,1
DA:530,1
DA:531,1
DA:532,4
DA:535,5
DA:537,5
DA:538,5
DA:539,5
DA:541,12
DA:542,7
DA:543,7
DA:544,7
DA:545,7
DA:546,7
DA:548,7
DA:549,7
DA:550,4
DA:551,4
DA:552,3
DA:553,1
DA:554,1
DA:555,1
DA:556,0
DA:557,0
DA:559,2
DA:560,1
DA:561,1
DA:562,1
DA:563,0
DA:564,0
DA:565,0
DA:567,1
DA:568,1
DA:569,1
DA:570,1
DA:571,0
DA:572,0
DA:574,0
DA:575,0
DA:576,0
DA:577,0
DA:578,0
DA:583,5
DA:584,1
DA:585,1
DA:586,1
DA:587,4
DA:589,5
DA:590,1
DA:591,1
DA:592,1
DA:593,4
DA:595,5
DA:596,1
DA:597,1
DA:598,1
DA:599,4
DA:601,5
DA:602,5
DA:603,7
DA:606,1
DA:607,1
DA:608,1
DA:609,1
DA:610,1
DA:611,1
DA:612,0
DA:613,1
DA:615,1
DA:617,2
DA:618,1
DA:620,1
DA:622,1
DA:623,1
DA:624,1
DA:625,1
DA:626,1
DA:627,1
DA:628,0
DA:629,0
DA:630,0
DA:631,0
DA:632,0
DA:633,0
DA:635,0
DA:636,0
DA:637,0
DA:638,0
DA:639,0
DA:640,0
DA:641,0
DA:644,1
DA:645,1
DA:648,1
DA:649,1
DA:650,1
DA:651,1
DA:652,1
DA:653,1
DA:654,0
DA:655,1
DA:657,1
DA:659,2
DA:660,1
DA:662,1
DA:664,1
DA:665,1
DA:666,1
DA:667,1
DA:668,1
DA:669,1
DA:670,0
DA:671,0
DA:672,0
DA:673,0
DA:674,0
DA:675,0
DA:677,0
DA:678,0
DA:681,1
DA:682,1
DA:685,1
DA:686,1
DA:687,1
DA:688,1
DA:689,1
DA:690,1
DA:691,0
DA:692,1
DA:694,1
DA:696,2
DA:698,1
DA:700,1
DA:702,1
DA:703,1
DA:704,0
DA:705,0
DA:706,0
DA:707,0
DA:708,0
DA:709,0
DA:711,0
DA:714,1
DA:715,1
DA:718,0
DA:719,0
DA:720,0
DA:721,0
DA:722,0
DA:725,0
DA:726,0
DA:729,0
DA:730,0
DA:731,0
DA:733,0
DA:734,0
DA:735,0
DA:736,0
DA:738,0
DA:739,0
DA:740,0
DA:741,0
DA:744,0
DA:745,0
DA:746,0
DA:747,0
DA:748,0
DA:749,0
DA:752,0
DA:753,0
DA:754,0
DA:755,0
DA:758,0
DA:759,0
DA:760,0
DA:761,0
DA:763,0
DA:764,0
DA:765,0
DA:766,0
DA:769,0
DA:770,0
DA:771,0
DA:772,0
DA:774,0
DA:775,0
DA:776,0
DA:777,0
DA:778,0
DA:779,0
DA:780,0
DA:782,0
DA:784,0
DA:785,0
DA:786,0
DA:797,19
DA:798,19
DA:799,19
DA:800,19
DA:801,19
DA:802,19
DA:804,19
DA:805,19
DA:806,19
DA:807,19
DA:809,19
DA:810,19
DA:812,19
DA:813,19
DA:814,19
DA:815,19
DA:816,19
DA:818,19
DA:819,19
DA:820,19
DA:824,1
DA:825,1
DA:826,1
DA:828,1
DA:830,1
DA:831,1
DA:832,1
DA:833,1
DA:834,1
DA:838,1
DA:839,1
DA:840,1
DA:843,1
DA:844,1
DA:845,1
DA:847,1
DA:848,1
DA:849,1
DA:850,1
DA:851,1
DA:852,1
DA:855,1
DA:856,1
DA:857,1
DA:859,1
DA:860,1
DA:861,1
DA:863,1
DA:864,1
DA:865,1
DA:866,1
DA:867,1
DA:868,1
DA:871,1
DA:872,1
DA:873,1
DA:876,1
DA:877,1
DA:878,1
DA:880,1
DA:881,1
DA:882,1
DA:883,1
DA:884,1
DA:885,1
DA:889,1
DA:890,1
DA:891,1
DA:894,1
DA:895,1
DA:896,1
DA:897,1
DA:899,1
DA:901,1
DA:902,1
DA:906,1
DA:907,1
DA:908,1
DA:910,1
DA:911,1
DA:913,1
DA:915,1
DA:916,1
DA:917,1
DA:918,1
DA:919,1
DA:923,1
DA:924,1
DA:925,1
DA:927,1
DA:928,1
DA:931,1
DA:932,1
DA:933,1
DA:934,1
DA:935,1
DA:936,1
DA:937,1
DA:938,1
DA:939,1
DA:940,1
DA:941,1
DA:944,1
DA:945,1
DA:946,1
DA:948,1
DA:949,1
DA:950,1
DA:951,1
DA:953,1
DA:954,1
DA:955,1
DA:956,1
DA:958,1
DA:959,1
DA:962,1
DA:963,1
DA:964,1
DA:966,1
DA:968,1
DA:969,1
DA:970,1
DA:971,1
DA:972,1
DA:973,1
DA:974,1
DA:977,1
DA:978,1
DA:979,1
DA:981,1
DA:982,1
DA:984,1
DA:985,1
DA:986,1
DA:987,1
DA:988,1
DA:989,1
DA:990,1
DA:994,1
DA:995,1
DA:996,1
DA:998,1
DA:1000,1
DA:1001,1
DA:1004,1
DA:1006,1
DA:1009,1
DA:1010,1
DA:1014,1
DA:1015,1
DA:1016,1
DA:1018,1
DA:1020,1
DA:1021,1
DA:1024,1
DA:1026,1
DA:1029,1
DA:1030,1
DA:1033,1
DA:1034,1
DA:1035,1
DA:1037,1
DA:1039,1
DA:1040,1
DA:1043,1
DA:1045,1
DA:1047,1
DA:1048,1
DA:1051,1
DA:1052,1
DA:1053,1
DA:1055,1
DA:1057,1
DA:1058,1
DA:1060,1
DA:1062,1
DA:1063,1
DA:1066,1
DA:1067,1
DA:1068,1
DA:1070,1
DA:1071,1
DA:1072,1
DA:1073,1
DA:1074,1
DA:1076,1
DA:1078,1
DA:1079,1
DA:1082,1
DA:1083,1
DA:1084,1
DA:1086,1
DA:1087,1
DA:1088,1
DA:1089,1
DA:1091,1
DA:1093,1
DA:1094,1
DA:1097,1
DA:1098,1
DA:1099,1
DA:1101,1
DA:1102,1
DA:1103,1
DA:1104,1
DA:1105,1
DA:1107,1
DA:1109,1
DA:1110,1
DA:1113,1
DA:1114,1
DA:1115,1
DA:1117,1
DA:1119,1
DA:1120,1
DA:1123,1
DA:1125,1
DA:1127,1
DA:1128,1
DA:1131,1
DA:1132,1
DA:1133,1
DA:1135,1
DA:1136,1
DA:1137,1
DA:1138,1
DA:1141,1
DA:1142,1
DA:1143,1
DA:1145,1
DA:1146,1
DA:1147,1
DA:1148,1
DA:1150,1
DA:1151,1
DA:1154,1
DA:1155,1
DA:1156,1
DA:1158,1
DA:1159,1
DA:1160,1
DA:1161,1
DA:1164,1
DA:1165,1
DA:1166,1
DA:1168,1
DA:1169,1
DA:1170,1
DA:1171,1
DA:1172,1
DA:1173,1
DA:1176,1
DA:1177,1
DA:1178,1
DA:1180,1
DA:1181,1
DA:1182,1
DA:1183,1
DA:1186,1
DA:1187,1
DA:1188,1
DA:1190,1
DA:1191,1
DA:1192,1
DA:1193,1
DA:1194,1
DA:1195,1
DA:1198,1
DA:1199,1
DA:1200,1
DA:1202,1
DA:1204,1
DA:1205,1
DA:1208,1
DA:1210,1
DA:1212,1
DA:1213,1
DA:1216,1
DA:1217,1
DA:1218,1
DA:1220,1
DA:1222,1
DA:1224,1
DA:1226,1
DA:1227,1
DA:1230,1
DA:1231,1
DA:1232,1
DA:1235,1
DA:1238,1
DA:1240,1
DA:1242,1
DA:1243,1
DA:1246,1
DA:1247,1
DA:1248,1
DA:1250,1
DA:1251,1
DA:1254,1
DA:1256,1
DA:1257,1
DA:1260,1
DA:1261,1
DA:1262,1
DA:1264,1
DA:1265,1
DA:1266,1
DA:1267,1
DA:1268,1
DA:1270,1
DA:1271,1
DA:1272,1
BRF:0
BRH:0
LF:932
LH:783
end_of_record
SF:/home/sysuser/ws001/gofastskill/fastskill/src/validation/standard_validator.rs
FN:52,_RNvMNtNtCs26lDL6qRPME_9fastskill10validation18standard_validatorNtB2_17StandardValidator13validate_name
FN:144,_RNvMNtNtCs26lDL6qRPME_9fastskill10validation18standard_validatorNtB2_17StandardValidator17parse_frontmatter
FN:75,_RNvMNtNtCs26lDL6qRPME_9fastskill10validation18standard_validatorNtB2_17StandardValidator20validate_description
FN:163,_RNvMNtNtCs26lDL6qRPME_9fastskill10validation18standard_validatorNtB2_17StandardValidator24validate_file_references
FN:83,_RNvMNtNtCs26lDL6qRPME_9fastskill10validation18standard_validatorNtB2_17StandardValidator24validate_skill_directory
FN:208,_RNvMNtNtCs26lDL6qRPME_9fastskill10validation18standard_validatorNtB2_17StandardValidator28validate_directory_structure
FN:157,_RNCNvMNtNtCs26lDL6qRPME_9fastskill10validation18standard_validatorNtB4_17StandardValidator17parse_frontmatter0B8_
FN:125,_RNCNvMNtNtCs26lDL6qRPME_9fastskill10validation18standard_validatorNtB4_17StandardValidator24validate_skill_directory0B8_
FN:15,_RNCNvNtNtCs26lDL6qRPME_9fastskill10validation18standard_validator10NAME_REGEX0B7_
FN:19,_RNCNvNtNtCs26lDL6qRPME_9fastskill10validation18standard_validator14FILE_REF_REGEX0B7_
FN:52,_RNvMNtNtCsjhmHPBDWNUU_9fastskill10validation18standard_validatorNtB2_17StandardValidator13validate_name
FN:144,_RNvMNtNtCsjhmHPBDWNUU_9fastskill10validation18standard_validatorNtB2_17StandardValidator17parse_frontmatter
FN:75,_RNvMNtNtCsjhmHPBDWNUU_9fastskill10validation18standard_validatorNtB2_17StandardValidator20validate_description
FN:163,_RNvMNtNtCsjhmHPBDWNUU_9fastskill10validation18standard_validatorNtB2_17StandardValidator24validate_file_references
FN:83,_RNvMNtNtCsjhmHPBDWNUU_9fastskill10validation18standard_validatorNtB2_17StandardValidator24validate_skill_directory
FN:208,_RNvMNtNtCsjhmHPBDWNUU_9fastskill10validation18standard_validatorNtB2_17StandardValidator28validate_directory_structure
FN:157,_RNCNvMNtNtCsjhmHPBDWNUU_9fastskill10validation18standard_validatorNtB4_17StandardValidator17parse_frontmatter0B8_
FN:125,_RNCNvMNtNtCsjhmHPBDWNUU_9fastskill10validation18standard_validatorNtB4_17StandardValidator24validate_skill_directory0B8_
FN:15,_RNCNvNtNtCsjhmHPBDWNUU_9fastskill10validation18standard_validator10NAME_REGEX0B7_
FN:19,_RNCNvNtNtCsjhmHPBDWNUU_9fastskill10validation18standard_validator14FILE_REF_REGEX0B7_
FN:241,_RNvNtNtNtCsjhmHPBDWNUU_9fastskill10validation18standard_validator5testss_24test_validate_name_valid
FN:248,_RNvNtNtNtCsjhmHPBDWNUU_9fastskill10validation18standard_validator5testss_26test_validate_name_invalid
FN:304,_RNvNtNtNtCsjhmHPBDWNUU_9fastskill10validation18standard_validator5testss_28test_parse_frontmatter_valid
FN:257,_RNvNtNtNtCsjhmHPBDWNUU_9fastskill10validation18standard_validator5testss_31test_validate_description_valid
FN:263,_RNvNtNtNtCsjhmHPBDWNUU_9fastskill10validation18standard_validator5testss_33test_validate_description_invalid
FN:269,_RNvNtNtNtCsjhmHPBDWNUU_9fastskill10validation18standard_validator5testss_35test_validate_skill_directory_valid
FN:325,_RNvNtNtNtCsjhmHPBDWNUU_9fastskill10validation18standard_validator5testss_37test_validate_file_references_missing
FN:287,_RNvNtNtNtCsjhmHPBDWNUU_9fastskill10validation18standard_validator5testss_46test_validate_skill_directory_missing_required
FNDA:1,_RNvMNtNtCs26lDL6qRPME_9fastskill10validation18standard_validatorNtB2_17StandardValidator13validate_name
FNDA:1,_RNvMNtNtCs26lDL6qRPME_9fastskill10validation18standard_validatorNtB2_17StandardValidator17parse_frontmatter
FNDA:1,_RNvMNtNtCs26lDL6qRPME_9fastskill10validation18standard_validatorNtB2_17StandardValidator20validate_description
FNDA:1,_RNvMNtNtCs26lDL6qRPME_9fastskill10validation18standard_validatorNtB2_17StandardValidator24validate_file_references
FNDA:3,_RNvMNtNtCs26lDL6qRPME_9fastskill10validation18standard_validatorNtB2_17StandardValidator24validate_skill_directory
FNDA:1,_RNvMNtNtCs26lDL6qRPME_9fastskill10validation18standard_validatorNtB2_17StandardValidator28validate_directory_structure
FNDA:0,_RNCNvMNtNtCs26lDL6qRPME_9fastskill10validation18standard_validatorNtB4_17StandardValidator17parse_frontmatter0B8_
FNDA:1,_RNCNvMNtNtCs26lDL6qRPME_9fastskill10validation18standard_validatorNtB4_17StandardValidator24validate_skill_directory0B8_
FNDA:1,_RNCNvNtNtCs26lDL6qRPME_9fastskill10validation18standard_validator10NAME_REGEX0B7_
FNDA:1,_RNCNvNtNtCs26lDL6qRPME_9fastskill10validation18standard_validator14FILE_REF_REGEX0B7_
FNDA:11,_RNvMNtNtCsjhmHPBDWNUU_9fastskill10validation18standard_validatorNtB2_17StandardValidator13validate_name
FNDA:4,_RNvMNtNtCsjhmHPBDWNUU_9fastskill10validation18standard_validatorNtB2_17StandardValidator17parse_frontmatter
FNDA:7,_RNvMNtNtCsjhmHPBDWNUU_9fastskill10validation18standard_validatorNtB2_17StandardValidator20validate_description
FNDA:3,_RNvMNtNtCsjhmHPBDWNUU_9fastskill10validation18standard_validatorNtB2_17StandardValidator24validate_file_references
FNDA:3,_RNvMNtNtCsjhmHPBDWNUU_9fastskill10validation18standard_validatorNtB2_17StandardValidator24validate_skill_directory
FNDA:3,_RNvMNtNtCsjhmHPBDWNUU_9fastskill10validation18standard_validatorNtB2_17StandardValidator28validate_directory_structure
FNDA:0,_RNCNvMNtNtCsjhmHPBDWNUU_9fastskill10validation18standard_validatorNtB4_17StandardValidator17parse_frontmatter0B8_
FNDA:2,_RNCNvMNtNtCsjhmHPBDWNUU_9fastskill10validation18standard_validatorNtB4_17StandardValidator24validate_skill_directory0B8_
FNDA:1,_RNCNvNtNtCsjhmHPBDWNUU_9fastskill10validation18standard_validator10NAME_REGEX0B7_
FNDA:1,_RNCNvNtNtCsjhmHPBDWNUU_9fastskill10validation18standard_validator14FILE_REF_REGEX0B7_
FNDA:1,_RNvNtNtNtCsjhmHPBDWNUU_9fastskill10validation18standard_validator5testss_24test_validate_name_valid
FNDA:1,_RNvNtNtNtCsjhmHPBDWNUU_9fastskill10validation18standard_validator5testss_26test_validate_name_invalid
FNDA:1,_RNvNtNtNtCsjhmHPBDWNUU_9fastskill10validation18standard_validator5testss_28test_parse_frontmatter_valid
FNDA:1,_RNvNtNtNtCsjhmHPBDWNUU_9fastskill10validation18standard_validator5testss_31test_validate_description_valid
FNDA:1,_RNvNtNtNtCsjhmHPBDWNUU_9fastskill10validation18standard_validator5testss_33test_validate_description_invalid
FNDA:1,_RNvNtNtNtCsjhmHPBDWNUU_9fastskill10validation18standard_validator5testss_35test_validate_skill_directory_valid
FNDA:1,_RNvNtNtNtCsjhmHPBDWNUU_9fastskill10validation18standard_validator5testss_37test_validate_file_references_missing
FNDA:1,_RNvNtNtNtCsjhmHPBDWNUU_9fastskill10validation18standard_validator5testss_46test_validate_skill_directory_missing_required
FNF:18
FNH:17
DA:15,2
DA:17,2
DA:18,2
DA:19,2
DA:21,2
DA:22,2
DA:23,2
DA:52,12
DA:55,12
DA:56,1
DA:57,1
DA:58,1
DA:59,1
DA:60,11
DA:62,11
DA:63,4
DA:64,4
DA:65,4
DA:66,4
DA:67,4
DA:68,4
DA:69,7
DA:71,7
DA:72,12
DA:75,8
DA:76,8
DA:77,2
DA:78,6
DA:79,6
DA:80,8
DA:83,6
DA:84,6
DA:86,6
DA:87,2
DA:88,2
DA:89,2
DA:90,2
DA:91,2
DA:92,2
DA:93,2
DA:94,2
DA:95,2
DA:96,4
DA:98,4
DA:100,4
DA:101,4
DA:104,4
DA:105,0
DA:106,4
DA:109,4
DA:110,0
DA:111,4
DA:114,4
DA:115,0
DA:116,0
DA:117,0
DA:118,0
DA:119,0
DA:120,4
DA:121,4
DA:122,4
DA:125,4
DA:126,1
DA:127,3
DA:130,4
DA:133,4
DA:135,4
DA:136,4
DA:137,4
DA:138,4
DA:139,4
DA:140,4
DA:141,6
DA:144,5
DA:145,5
DA:148,5
DA:149,5
DA:150,0
DA:151,0
DA:152,0
DA:153,5
DA:155,5
DA:156,5
DA:157,5
DA:159,5
DA:160,5
DA:163,4
DA:164,4
DA:165,4
DA:166,4
DA:167,4
DA:169,4
DA:171,4
DA:172,4
DA:173,0
DA:176,0
DA:177,0
DA:179,0
DA:182,0
DA:185,0
DA:186,0
DA:187,0
DA:188,0
DA:189,0
DA:190,0
DA:193,0
DA:194,0
DA:195,0
DA:196,0
DA:197,0
DA:198,0
DA:199,0
DA:200,0
DA:201,0
DA:202,0
DA:205,4
DA:208,4
DA:209,4
DA:210,4
DA:211,4
DA:212,4
DA:214,4
DA:215,1
DA:216,1
DA:217,1
DA:218,1
DA:219,1
DA:220,1
DA:221,3
DA:224,4
DA:225,0
DA:226,0
DA:227,0
DA:228,0
DA:229,0
DA:230,0
DA:231,4
DA:232,4
DA:241,1
DA:242,1
DA:243,1
DA:244,1
DA:245,1
DA:248,1
DA:249,1
DA:250,1
DA:251,1
DA:252,1
DA:253,1
DA:254,1
DA:257,1
DA:258,1
DA:259,1
DA:260,1
DA:263,1
DA:264,1
DA:265,1
DA:266,1
DA:269,1
DA:270,1
DA:271,1
DA:273,1
DA:274,1
DA:275,1
DA:276,1
DA:277,1
DA:278,1
DA:279,1
DA:281,1
DA:282,1
DA:283,1
DA:284,1
DA:287,1
DA:288,1
DA:289,1
DA:291,1
DA:292,1
DA:293,1
DA:294,1
DA:295,1
DA:296,1
DA:298,1
DA:299,1
DA:300,1
DA:301,1
DA:304,1
DA:305,1
DA:306,1
DA:308,1
DA:309,1
DA:310,1
DA:311,1
DA:312,1
DA:313,1
DA:314,1
DA:315,1
DA:317,1
DA:318,1
DA:319,1
DA:320,1
DA:321,1
DA:322,1
DA:325,1
DA:326,1
DA:327,1
DA:329,1
DA:330,1
DA:331,1
DA:332,1
DA:333,1
DA:334,1
DA:335,1
DA:337,1
DA:338,1
DA:339,1
DA:340,1
BRF:0
BRH:0
LF:218
LH:179
end_of_record
SF:/home/sysuser/ws001/gofastskill/fastskill/src/validation/zip_validator.rs
FN:20,_RNvMs_NtNtCs26lDL6qRPME_9fastskill10validation13zip_validatorNtB4_12ZipValidator20validate_zip_package
FN:15,_RNvMs_NtNtCs26lDL6qRPME_9fastskill10validation13zip_validatorNtB4_12ZipValidator3new
FN:9,_RNvXNtNtCs26lDL6qRPME_9fastskill10validation13zip_validatorNtB2_12ZipValidatorNtNtCsiJueO4bndGx_4core7default7Default7default
FN:20,_RNCNvMs_NtNtCs26lDL6qRPME_9fastskill10validation13zip_validatorNtB6_12ZipValidator20validate_zip_package0Ba_
FN:20,_RNvMs_NtNtCsjhmHPBDWNUU_9fastskill10validation13zip_validatorNtB4_12ZipValidator20validate_zip_package
FN:15,_RNvMs_NtNtCsjhmHPBDWNUU_9fastskill10validation13zip_validatorNtB4_12ZipValidator3new
FN:9,_RNvXNtNtCsjhmHPBDWNUU_9fastskill10validation13zip_validatorNtB2_12ZipValidatorNtNtCsiJueO4bndGx_4core7default7Default7default
FN:67,_RNvNtNtNtCsjhmHPBDWNUU_9fastskill10validation13zip_validator5testss_22test_zip_validator_new
FN:77,_RNvNtNtNtCsjhmHPBDWNUU_9fastskill10validation13zip_validator5testss_26test_zip_validator_default
FN:58,_RNvNtNtNtCsjhmHPBDWNUU_9fastskill10validation13zip_validator5testss_36test_validate_zip_package_empty_path
FN:45,_RNvNtNtNtCsjhmHPBDWNUU_9fastskill10validation13zip_validator5testss_39test_validate_zip_package_existing_file
FN:34,_RNvNtNtNtCsjhmHPBDWNUU_9fastskill10validation13zip_validator5testss_42test_validate_zip_package_nonexistent_file
FN:20,_RNCNvMs_NtNtCsjhmHPBDWNUU_9fastskill10validation13zip_validatorNtB6_12ZipValidator20validate_zip_package0Ba_
FN:67,_RNCNvNtNtNtCsjhmHPBDWNUU_9fastskill10validation13zip_validator5testss_22test_zip_validator_new0B9_
FN:77,_RNCNvNtNtNtCsjhmHPBDWNUU_9fastskill10validation13zip_validator5testss_26test_zip_validator_default0B9_
FN:58,_RNCNvNtNtNtCsjhmHPBDWNUU_9fastskill10validation13zip_validator5testss_36test_validate_zip_package_empty_path0B9_
FN:45,_RNCNvNtNtNtCsjhmHPBDWNUU_9fastskill10validation13zip_validator5testss_39test_validate_zip_package_existing_file0B9_
FN:34,_RNCNvNtNtNtCsjhmHPBDWNUU_9fastskill10validation13zip_validator5testss_42test_validate_zip_package_nonexistent_file0B9_
FNDA:0,_RNvMs_NtNtCs26lDL6qRPME_9fastskill10validation13zip_validatorNtB4_12ZipValidator20validate_zip_package
FNDA:34,_RNvMs_NtNtCs26lDL6qRPME_9fastskill10validation13zip_validatorNtB4_12ZipValidator3new
FNDA:0,_RNvXNtNtCs26lDL6qRPME_9fastskill10validation13zip_validatorNtB2_12ZipValidatorNtNtCsiJueO4bndGx_4core7default7Default7default
FNDA:0,_RNCNvMs_NtNtCs26lDL6qRPME_9fastskill10validation13zip_validatorNtB6_12ZipValidator20validate_zip_package0Ba_
FNDA:5,_RNvMs_NtNtCsjhmHPBDWNUU_9fastskill10validation13zip_validatorNtB4_12ZipValidator20validate_zip_package
FNDA:8,_RNvMs_NtNtCsjhmHPBDWNUU_9fastskill10validation13zip_validatorNtB4_12ZipValidator3new
FNDA:1,_RNvXNtNtCsjhmHPBDWNUU_9fastskill10validation13zip_validatorNtB2_12ZipValidatorNtNtCsiJueO4bndGx_4core7default7Default7default
FNDA:1,_RNvNtNtNtCsjhmHPBDWNUU_9fastskill10validation13zip_validator5testss_22test_zip_validator_new
FNDA:1,_RNvNtNtNtCsjhmHPBDWNUU_9fastskill10validation13zip_validator5testss_26test_zip_validator_default
FNDA:1,_RNvNtNtNtCsjhmHPBDWNUU_9fastskill10validation13zip_validator5testss_36test_validate_zip_package_empty_path
FNDA:1,_RNvNtNtNtCsjhmHPBDWNUU_9fastskill10validation13zip_validator5testss_39test_validate_zip_package_existing_file
FNDA:1,_RNvNtNtNtCsjhmHPBDWNUU_9fastskill10validation13zip_validator5testss_42test_validate_zip_package_nonexistent_file
FNDA:5,_RNCNvMs_NtNtCsjhmHPBDWNUU_9fastskill10validation13zip_validatorNtB6_12ZipValidator20validate_zip_package0Ba_
FNDA:1,_RNCNvNtNtNtCsjhmHPBDWNUU_9fastskill10validation13zip_validator5testss_22test_zip_validator_new0B9_
FNDA:1,_RNCNvNtNtNtCsjhmHPBDWNUU_9fastskill10validation13zip_validator5testss_26test_zip_validator_default0B9_
FNDA:1,_RNCNvNtNtNtCsjhmHPBDWNUU_9fastskill10validation13zip_validator5testss_36test_validate_zip_package_empty_path0B9_
FNDA:1,_RNCNvNtNtNtCsjhmHPBDWNUU_9fastskill10validation13zip_validator5testss_39test_validate_zip_package_existing_file0B9_
FNDA:1,_RNCNvNtNtNtCsjhmHPBDWNUU_9fastskill10validation13zip_validator5testss_42test_validate_zip_package_nonexistent_file0B9_
FNF:14
FNH:14
DA:9,1
DA:10,1
DA:11,1
DA:15,42
DA:16,42
DA:17,42
DA:20,5
DA:21,5
DA:22,5
DA:34,1
DA:35,1
DA:36,1
DA:37,1
DA:40,1
DA:41,1
DA:42,1
DA:45,1
DA:46,1
DA:47,1
DA:48,1
DA:51,1
DA:53,1
DA:54,1
DA:55,1
DA:58,1
DA:59,1
DA:60,1
DA:62,1
DA:63,1
DA:64,1
DA:67,1
DA:68,1
DA:69,1
DA:70,1
DA:72,1
DA:73,1
DA:74,1
DA:77,1
DA:79,1
DA:80,1
DA:81,1
DA:83,1
DA:84,1
DA:85,1
BRF:0
BRH:0
LF:55
LH:55
end_of_record